<?xml version="1.0" encoding="UTF-8"?>
<coverage generated="1658266437120" clover="3.2.0">
  <project timestamp="1658266437121" name="All files">
    <metrics statements="260" coveredstatements="258" conditionals="144" coveredconditionals="136" methods="84" coveredmethods="82" elements="488" coveredelements="476" complexity="0" loc="260" ncloc="260" packages="19" files="25" classes="25"/>
    <package name="src">
      <metrics statements="1" coveredstatements="1" conditionals="0" coveredconditionals="0" methods="1" coveredmethods="1"/>
      <file name="App.js" path="/home/ckauark/Documents/Trybe-projetos/front-end/sd-021-a-project-recipes-app/src/App.js">
        <metrics statements="1" coveredstatements="1" conditionals="0" coveredconditionals="0" methods="1" coveredmethods="1"/>
        <line num="19" count="55" type="stmt"/>
      </file>
    </package>
    <package name="src.components">
      <metrics statements="19" coveredstatements="18" conditionals="20" coveredconditionals="19" methods="7" coveredmethods="6"/>
      <file name="FavoriteButton.js" path="/home/ckauark/Documents/Trybe-projetos/front-end/sd-021-a-project-recipes-app/src/components/FavoriteButton.js">
        <metrics statements="11" coveredstatements="10" conditionals="16" coveredconditionals="15" methods="5" coveredmethods="4"/>
        <line num="12" count="105" type="stmt"/>
        <line num="13" count="105" type="stmt"/>
        <line num="14" count="105" type="cond" truecount="2" falsecount="0"/>
        <line num="16" count="105" type="cond" truecount="2" falsecount="0"/>
        <line num="26" count="105" type="stmt"/>
        <line num="28" count="105" type="stmt"/>
        <line num="29" count="2" type="cond" truecount="1" falsecount="1"/>
        <line num="31" count="0" type="stmt"/>
        <line num="35" count="105" type="stmt"/>
        <line num="48" count="9" type="stmt"/>
        <line num="57" count="9" type="stmt"/>
      </file>
      <file name="ShareButton.js" path="/home/ckauark/Documents/Trybe-projetos/front-end/sd-021-a-project-recipes-app/src/components/ShareButton.js">
        <metrics statements="8" coveredstatements="8" conditionals="4" coveredconditionals="4" methods="2" coveredmethods="2"/>
        <line num="8" count="114" type="stmt"/>
        <line num="10" count="114" type="stmt"/>
        <line num="12" count="114" type="stmt"/>
        <line num="13" count="2" type="cond" truecount="2" falsecount="0"/>
        <line num="14" count="2" type="stmt"/>
        <line num="17" count="114" type="stmt"/>
        <line num="32" count="9" type="stmt"/>
        <line num="37" count="9" type="stmt"/>
      </file>
    </package>
    <package name="src.components.BasicCard">
      <metrics statements="5" coveredstatements="5" conditionals="2" coveredconditionals="2" methods="1" coveredmethods="1"/>
      <file name="BasicCard.js" path="/home/ckauark/Documents/Trybe-projetos/front-end/sd-021-a-project-recipes-app/src/components/BasicCard/BasicCard.js">
        <metrics statements="5" coveredstatements="5" conditionals="2" coveredconditionals="2" methods="1" coveredmethods="1"/>
        <line num="7" count="562" type="stmt"/>
        <line num="8" count="562" type="cond" truecount="2" falsecount="0"/>
        <line num="13" count="562" type="stmt"/>
        <line num="15" count="562" type="stmt"/>
        <line num="40" count="9" type="stmt"/>
      </file>
    </package>
    <package name="src.components.DetailedCard">
      <metrics statements="5" coveredstatements="5" conditionals="6" coveredconditionals="6" methods="2" coveredmethods="2"/>
      <file name="DetailedCard.js" path="/home/ckauark/Documents/Trybe-projetos/front-end/sd-021-a-project-recipes-app/src/components/DetailedCard/DetailedCard.js">
        <metrics statements="5" coveredstatements="5" conditionals="6" coveredconditionals="6" methods="2" coveredmethods="2"/>
        <line num="19" count="18" type="stmt"/>
        <line num="20" count="18" type="stmt"/>
        <line num="46" count="10" type="stmt"/>
        <line num="53" count="9" type="stmt"/>
        <line num="66" count="9" type="stmt"/>
      </file>
    </package>
    <package name="src.components.Footer">
      <metrics statements="1" coveredstatements="1" conditionals="0" coveredconditionals="0" methods="1" coveredmethods="1"/>
      <file name="Footer.js" path="/home/ckauark/Documents/Trybe-projetos/front-end/sd-021-a-project-recipes-app/src/components/Footer/Footer.js">
        <metrics statements="1" coveredstatements="1" conditionals="0" coveredconditionals="0" methods="1" coveredmethods="1"/>
        <line num="8" count="88" type="stmt"/>
      </file>
    </package>
    <package name="src.components.Header">
      <metrics statements="8" coveredstatements="8" conditionals="4" coveredconditionals="4" methods="2" coveredmethods="2"/>
      <file name="Header.js" path="/home/ckauark/Documents/Trybe-projetos/front-end/sd-021-a-project-recipes-app/src/components/Header/Header.js">
        <metrics statements="8" coveredstatements="8" conditionals="4" coveredconditionals="4" methods="2" coveredmethods="2"/>
        <line num="10" count="10" type="stmt"/>
        <line num="11" count="117" type="stmt"/>
        <line num="12" count="117" type="stmt"/>
        <line num="13" count="117" type="stmt"/>
        <line num="15" count="117" type="stmt"/>
        <line num="16" count="8" type="stmt"/>
        <line num="19" count="117" type="stmt"/>
        <line num="44" count="10" type="stmt"/>
      </file>
    </package>
    <package name="src.components.RecipeInfo">
      <metrics statements="6" coveredstatements="6" conditionals="4" coveredconditionals="4" methods="4" coveredmethods="3"/>
      <file name="RecipeInfo.js" path="/home/ckauark/Documents/Trybe-projetos/front-end/sd-021-a-project-recipes-app/src/components/RecipeInfo/RecipeInfo.js">
        <metrics statements="6" coveredstatements="6" conditionals="4" coveredconditionals="4" methods="4" coveredmethods="3"/>
        <line num="6" count="72" type="stmt"/>
        <line num="7" count="72" type="stmt"/>
        <line num="19" count="96" type="stmt"/>
        <line num="23" count="740" type="stmt"/>
        <line num="58" count="9" type="stmt"/>
        <line num="72" count="9" type="stmt"/>
      </file>
    </package>
    <package name="src.components.Search">
      <metrics statements="21" coveredstatements="21" conditionals="8" coveredconditionals="8" methods="5" coveredmethods="5"/>
      <file name="SearchBar.js" path="/home/ckauark/Documents/Trybe-projetos/front-end/sd-021-a-project-recipes-app/src/components/Search/SearchBar.js">
        <metrics statements="15" coveredstatements="15" conditionals="8" coveredconditionals="8" methods="3" coveredmethods="3"/>
        <line num="5" count="10" type="stmt"/>
        <line num="6" count="72" type="stmt"/>
        <line num="8" count="72" type="stmt"/>
        <line num="9" count="72" type="stmt"/>
        <line num="11" count="72" type="stmt"/>
        <line num="12" count="45" type="stmt"/>
        <line num="14" count="45" type="cond" truecount="2" falsecount="0"/>
        <line num="15" count="45" type="cond" truecount="2" falsecount="0"/>
        <line num="18" count="72" type="stmt"/>
        <line num="19" count="5" type="stmt"/>
        <line num="21" count="5" type="cond" truecount="4" falsecount="0"/>
        <line num="22" count="1" type="stmt"/>
        <line num="24" count="4" type="stmt"/>
        <line num="28" count="4" type="stmt"/>
        <line num="32" count="72" type="stmt"/>
      </file>
      <file name="SearchIcon.js" path="/home/ckauark/Documents/Trybe-projetos/front-end/sd-021-a-project-recipes-app/src/components/Search/SearchIcon.js">
        <metrics statements="3" coveredstatements="3" conditionals="0" coveredconditionals="0" methods="1" coveredmethods="1"/>
        <line num="6" count="10" type="stmt"/>
        <line num="7" count="83" type="stmt"/>
        <line num="23" count="10" type="stmt"/>
      </file>
      <file name="SearchOptions.js" path="/home/ckauark/Documents/Trybe-projetos/front-end/sd-021-a-project-recipes-app/src/components/Search/SearchOptions.js">
        <metrics statements="3" coveredstatements="3" conditionals="0" coveredconditionals="0" methods="1" coveredmethods="1"/>
        <line num="4" count="10" type="stmt"/>
        <line num="5" count="72" type="stmt"/>
        <line num="45" count="10" type="stmt"/>
      </file>
    </package>
    <package name="src.context">
      <metrics statements="8" coveredstatements="8" conditionals="0" coveredconditionals="0" methods="2" coveredmethods="2"/>
      <file name="Context.js" path="/home/ckauark/Documents/Trybe-projetos/front-end/sd-021-a-project-recipes-app/src/context/Context.js">
        <metrics statements="1" coveredstatements="1" conditionals="0" coveredconditionals="0" methods="0" coveredmethods="0"/>
        <line num="3" count="10" type="stmt"/>
      </file>
      <file name="Provider.js" path="/home/ckauark/Documents/Trybe-projetos/front-end/sd-021-a-project-recipes-app/src/context/Provider.js">
        <metrics statements="7" coveredstatements="7" conditionals="0" coveredconditionals="0" methods="2" coveredmethods="2"/>
        <line num="8" count="59" type="stmt"/>
        <line num="13" count="59" type="stmt"/>
        <line num="14" count="4" type="stmt"/>
        <line num="17" count="59" type="stmt"/>
        <line num="19" count="59" type="stmt"/>
        <line num="26" count="59" type="stmt"/>
        <line num="33" count="9" type="stmt"/>
      </file>
    </package>
    <package name="src.helpers">
      <metrics statements="8" coveredstatements="8" conditionals="2" coveredconditionals="2" methods="3" coveredmethods="3"/>
      <file name="getIngredientAndMeasureList.js" path="/home/ckauark/Documents/Trybe-projetos/front-end/sd-021-a-project-recipes-app/src/helpers/getIngredientAndMeasureList.js">
        <metrics statements="8" coveredstatements="8" conditionals="2" coveredconditionals="2" methods="3" coveredmethods="3"/>
        <line num="9" count="9" type="stmt"/>
        <line num="10" count="23" type="stmt"/>
        <line num="11" count="1203" type="stmt"/>
        <line num="12" count="23" type="stmt"/>
        <line num="13" count="420" type="cond" truecount="2" falsecount="0"/>
        <line num="14" count="214" type="stmt"/>
        <line num="17" count="206" type="stmt"/>
        <line num="20" count="23" type="stmt"/>
      </file>
    </package>
    <package name="src.pages">
      <metrics statements="0" coveredstatements="0" conditionals="0" coveredconditionals="0" methods="0" coveredmethods="0"/>
      <file name="index.js" path="/home/ckauark/Documents/Trybe-projetos/front-end/sd-021-a-project-recipes-app/src/pages/index.js">
        <metrics statements="0" coveredstatements="0" conditionals="0" coveredconditionals="0" methods="0" coveredmethods="0"/>
      </file>
    </package>
    <package name="src.pages.DoneRecipes">
      <metrics statements="11" coveredstatements="11" conditionals="4" coveredconditionals="4" methods="5" coveredmethods="5"/>
      <file name="DoneRecipes.js" path="/home/ckauark/Documents/Trybe-projetos/front-end/sd-021-a-project-recipes-app/src/pages/DoneRecipes/DoneRecipes.js">
        <metrics statements="11" coveredstatements="11" conditionals="4" coveredconditionals="4" methods="5" coveredmethods="5"/>
        <line num="8" count="10" type="stmt"/>
        <line num="9" count="10" type="stmt"/>
        <line num="10" count="10" type="stmt"/>
        <line num="12" count="10" type="stmt"/>
        <line num="18" count="10" type="cond" truecount="2" falsecount="0"/>
        <line num="19" count="12" type="stmt"/>
        <line num="21" count="10" type="stmt"/>
        <line num="22" count="3" type="stmt"/>
        <line num="25" count="10" type="stmt"/>
        <line num="31" count="30" type="stmt"/>
        <line num="50" count="10" type="stmt"/>
      </file>
    </package>
    <package name="src.pages.FavoriteRecipes">
      <metrics statements="10" coveredstatements="10" conditionals="0" coveredconditionals="0" methods="5" coveredmethods="5"/>
      <file name="FavoriteRecipes.js" path="/home/ckauark/Documents/Trybe-projetos/front-end/sd-021-a-project-recipes-app/src/pages/FavoriteRecipes/FavoriteRecipes.js">
        <metrics statements="10" coveredstatements="10" conditionals="0" coveredconditionals="0" methods="5" coveredmethods="5"/>
        <line num="7" count="8" type="stmt"/>
        <line num="8" count="8" type="stmt"/>
        <line num="9" count="8" type="stmt"/>
        <line num="11" count="8" type="stmt"/>
        <line num="17" count="8" type="stmt"/>
        <line num="18" count="3" type="stmt"/>
        <line num="21" count="10" type="stmt"/>
        <line num="23" count="8" type="stmt"/>
        <line num="29" count="24" type="stmt"/>
        <line num="48" count="8" type="stmt"/>
      </file>
    </package>
    <package name="src.pages.Login">
      <metrics statements="25" coveredstatements="25" conditionals="4" coveredconditionals="4" methods="5" coveredmethods="5"/>
      <file name="Login.js" path="/home/ckauark/Documents/Trybe-projetos/front-end/sd-021-a-project-recipes-app/src/pages/Login/Login.js">
        <metrics statements="25" coveredstatements="25" conditionals="4" coveredconditionals="4" methods="5" coveredmethods="5"/>
        <line num="5" count="120" type="stmt"/>
        <line num="6" count="120" type="stmt"/>
        <line num="7" count="120" type="stmt"/>
        <line num="9" count="120" type="stmt"/>
        <line num="10" count="66" type="stmt"/>
        <line num="11" count="66" type="stmt"/>
        <line num="12" count="66" type="stmt"/>
        <line num="13" count="66" type="stmt"/>
        <line num="14" count="66" type="cond" truecount="4" falsecount="0"/>
        <line num="15" count="3" type="stmt"/>
        <line num="17" count="63" type="stmt"/>
        <line num="21" count="120" type="stmt"/>
        <line num="22" count="45" type="stmt"/>
        <line num="23" count="45" type="stmt"/>
        <line num="26" count="120" type="stmt"/>
        <line num="27" count="21" type="stmt"/>
        <line num="28" count="21" type="stmt"/>
        <line num="31" count="120" type="stmt"/>
        <line num="32" count="1" type="stmt"/>
        <line num="33" count="1" type="stmt"/>
        <line num="34" count="1" type="stmt"/>
        <line num="35" count="1" type="stmt"/>
        <line num="36" count="1" type="stmt"/>
        <line num="39" count="120" type="stmt"/>
        <line num="67" count="9" type="stmt"/>
      </file>
    </package>
    <package name="src.pages.Profile">
      <metrics statements="3" coveredstatements="3" conditionals="0" coveredconditionals="0" methods="1" coveredmethods="1"/>
      <file name="Profile.js" path="/home/ckauark/Documents/Trybe-projetos/front-end/sd-021-a-project-recipes-app/src/pages/Profile/Profile.js">
        <metrics statements="3" coveredstatements="3" conditionals="0" coveredconditionals="0" methods="1" coveredmethods="1"/>
        <line num="11" count="10" type="stmt"/>
        <line num="12" count="10" type="stmt"/>
        <line num="18" count="10" type="stmt"/>
      </file>
    </package>
    <package name="src.pages.RecipeDetails">
      <metrics statements="32" coveredstatements="32" conditionals="28" coveredconditionals="28" methods="9" coveredmethods="9"/>
      <file name="RecipeDetails.js" path="/home/ckauark/Documents/Trybe-projetos/front-end/sd-021-a-project-recipes-app/src/pages/RecipeDetails/RecipeDetails.js">
        <metrics statements="32" coveredstatements="32" conditionals="28" coveredconditionals="28" methods="9" coveredmethods="9"/>
        <line num="14" count="24" type="stmt"/>
        <line num="15" count="24" type="stmt"/>
        <line num="16" count="24" type="stmt"/>
        <line num="17" count="24" type="stmt"/>
        <line num="19" count="24" type="stmt"/>
        <line num="20" count="12" type="stmt"/>
        <line num="21" count="12" type="cond" truecount="2" falsecount="0"/>
        <line num="23" count="12" type="stmt"/>
        <line num="24" count="10" type="stmt"/>
        <line num="26" count="10" type="cond" truecount="2" falsecount="0"/>
        <line num="27" count="10" type="cond" truecount="2" falsecount="0"/>
        <line num="35" count="10" type="stmt"/>
        <line num="37" count="10" type="stmt"/>
        <line num="50" count="12" type="stmt"/>
        <line num="53" count="24" type="stmt"/>
        <line num="54" count="12" type="stmt"/>
        <line num="55" count="12" type="cond" truecount="2" falsecount="0"/>
        <line num="56" count="12" type="cond" truecount="2" falsecount="0"/>
        <line num="57" count="12" type="stmt"/>
        <line num="58" count="10" type="stmt"/>
        <line num="60" count="12" type="stmt"/>
        <line num="63" count="24" type="stmt"/>
        <line num="64" count="45" type="cond" truecount="2" falsecount="0"/>
        <line num="65" count="45" type="cond" truecount="2" falsecount="0"/>
        <line num="66" count="3" type="stmt"/>
        <line num="67" count="3" type="stmt"/>
        <line num="69" count="42" type="cond" truecount="2" falsecount="0"/>
        <line num="70" count="34" type="stmt"/>
        <line num="73" count="24" type="stmt"/>
        <line num="86" count="36" type="stmt"/>
        <line num="107" count="3" type="cond" truecount="2" falsecount="0"/>
        <line num="117" count="9" type="stmt"/>
      </file>
    </package>
    <package name="src.pages.RecipeInProgress">
      <metrics statements="35" coveredstatements="35" conditionals="34" coveredconditionals="29" methods="13" coveredmethods="13"/>
      <file name="RecipeInProgress.js" path="/home/ckauark/Documents/Trybe-projetos/front-end/sd-021-a-project-recipes-app/src/pages/RecipeInProgress/RecipeInProgress.js">
        <metrics statements="35" coveredstatements="35" conditionals="34" coveredconditionals="29" methods="13" coveredmethods="13"/>
        <line num="12" count="16" type="stmt"/>
        <line num="13" count="16" type="cond" truecount="2" falsecount="0"/>
        <line num="14" count="16" type="stmt"/>
        <line num="15" count="13" type="stmt"/>
        <line num="16" count="13" type="cond" truecount="2" falsecount="0"/>
        <line num="17" count="13" type="cond" truecount="2" falsecount="0"/>
        <line num="18" count="13" type="stmt"/>
        <line num="31" count="13" type="cond" truecount="2" falsecount="0"/>
        <line num="32" count="11" type="stmt"/>
        <line num="35" count="103" type="stmt"/>
        <line num="44" count="9" type="stmt"/>
        <line num="45" count="2" type="cond" truecount="1" falsecount="1"/>
        <line num="46" count="2" type="stmt"/>
        <line num="61" count="141" type="stmt"/>
        <line num="62" count="141" type="stmt"/>
        <line num="63" count="141" type="cond" truecount="2" falsecount="0"/>
        <line num="68" count="141" type="stmt"/>
        <line num="69" count="141" type="stmt"/>
        <line num="71" count="141" type="stmt"/>
        <line num="72" count="16" type="stmt"/>
        <line num="73" count="16" type="cond" truecount="2" falsecount="0"/>
        <line num="76" count="141" type="stmt"/>
        <line num="77" count="73" type="cond" truecount="2" falsecount="0"/>
        <line num="78" count="338" type="stmt"/>
        <line num="81" count="141" type="stmt"/>
        <line num="82" count="42" type="stmt"/>
        <line num="83" count="42" type="stmt"/>
        <line num="88" count="42" type="stmt"/>
        <line num="91" count="516" type="cond" truecount="2" falsecount="0"/>
        <line num="101" count="141" type="stmt"/>
        <line num="102" count="2" type="stmt"/>
        <line num="103" count="2" type="stmt"/>
        <line num="110" count="2" type="stmt"/>
        <line num="113" count="141" type="cond" truecount="2" falsecount="0"/>
        <line num="146" count="9" type="stmt"/>
      </file>
    </package>
    <package name="src.pages.Recipes">
      <metrics statements="29" coveredstatements="29" conditionals="16" coveredconditionals="15" methods="7" coveredmethods="7"/>
      <file name="Recipes.js" path="/home/ckauark/Documents/Trybe-projetos/front-end/sd-021-a-project-recipes-app/src/pages/Recipes/Recipes.js">
        <metrics statements="29" coveredstatements="29" conditionals="16" coveredconditionals="15" methods="7" coveredmethods="7"/>
        <line num="10" count="75" type="stmt"/>
        <line num="11" count="75" type="stmt"/>
        <line num="12" count="75" type="stmt"/>
        <line num="14" count="75" type="stmt"/>
        <line num="16" count="75" type="cond" truecount="2" falsecount="0"/>
        <line num="18" count="75" type="stmt"/>
        <line num="19" count="33" type="stmt"/>
        <line num="20" count="33" type="cond" truecount="2" falsecount="0"/>
        <line num="21" count="33" type="stmt"/>
        <line num="22" count="22" type="stmt"/>
        <line num="23" count="22" type="cond" truecount="2" falsecount="0"/>
        <line num="24" count="1" type="cond" truecount="1" falsecount="1"/>
        <line num="25" count="1" type="stmt"/>
        <line num="27" count="22" type="cond" truecount="2" falsecount="0"/>
        <line num="28" count="1" type="stmt"/>
        <line num="30" count="22" type="stmt"/>
        <line num="31" count="22" type="stmt"/>
        <line num="33" count="33" type="stmt"/>
        <line num="36" count="75" type="stmt"/>
        <line num="37" count="4" type="stmt"/>
        <line num="38" count="4" type="stmt"/>
        <line num="39" count="4" type="cond" truecount="2" falsecount="0"/>
        <line num="40" count="1" type="stmt"/>
        <line num="41" count="1" type="stmt"/>
        <line num="43" count="3" type="stmt"/>
        <line num="47" count="75" type="stmt"/>
        <line num="52" count="192" type="stmt"/>
        <line num="68" count="526" type="stmt"/>
        <line num="82" count="9" type="stmt"/>
      </file>
    </package>
    <package name="src.services">
      <metrics statements="33" coveredstatements="32" conditionals="12" coveredconditionals="11" methods="11" coveredmethods="11"/>
      <file name="api.js" path="/home/ckauark/Documents/Trybe-projetos/front-end/sd-021-a-project-recipes-app/src/services/api.js">
        <metrics statements="22" coveredstatements="21" conditionals="10" coveredconditionals="9" methods="9" coveredmethods="9"/>
        <line num="1" count="9" type="stmt"/>
        <line num="2" count="33" type="cond" truecount="4" falsecount="0"/>
        <line num="3" count="31" type="cond" truecount="3" falsecount="1"/>
        <line num="5" count="29" type="stmt"/>
        <line num="7" count="1" type="stmt"/>
        <line num="9" count="1" type="stmt"/>
        <line num="11" count="0" type="stmt"/>
        <line num="15" count="9" type="stmt"/>
        <line num="16" count="33" type="stmt"/>
        <line num="17" count="33" type="stmt"/>
        <line num="18" count="33" type="stmt"/>
        <line num="19" count="22" type="stmt"/>
        <line num="20" count="22" type="stmt"/>
        <line num="21" count="22" type="cond" truecount="2" falsecount="0"/>
        <line num="24" count="9" type="stmt"/>
        <line num="25" count="22" type="stmt"/>
        <line num="26" count="22" type="stmt"/>
        <line num="27" count="22" type="stmt"/>
        <line num="28" count="22" type="stmt"/>
        <line num="30" count="22" type="stmt"/>
        <line num="32" count="22" type="stmt"/>
        <line num="33" count="22" type="stmt"/>
      </file>
      <file name="getRecipeAPI.js" path="/home/ckauark/Documents/Trybe-projetos/front-end/sd-021-a-project-recipes-app/src/services/getRecipeAPI.js">
        <metrics statements="4" coveredstatements="4" conditionals="2" coveredconditionals="2" methods="1" coveredmethods="1"/>
        <line num="1" count="9" type="stmt"/>
        <line num="2" count="28" type="stmt"/>
        <line num="3" count="24" type="stmt"/>
        <line num="4" count="24" type="cond" truecount="2" falsecount="0"/>
      </file>
      <file name="getRecomendationsAPi.js" path="/home/ckauark/Documents/Trybe-projetos/front-end/sd-021-a-project-recipes-app/src/services/getRecomendationsAPi.js">
        <metrics statements="7" coveredstatements="7" conditionals="0" coveredconditionals="0" methods="1" coveredmethods="1"/>
        <line num="1" count="9" type="stmt"/>
        <line num="2" count="12" type="stmt"/>
        <line num="3" count="10" type="stmt"/>
        <line num="4" count="10" type="stmt"/>
        <line num="5" count="10" type="stmt"/>
        <line num="6" count="60" type="stmt"/>
        <line num="8" count="10" type="stmt"/>
      </file>
    </package>
  </project>
</coverage>
