{"/home/ckauark/Documents/Trybe-projetos/front-end/sd-021-a-project-recipes-app/src/App.js": {"path":"/home/ckauark/Documents/Trybe-projetos/front-end/sd-021-a-project-recipes-app/src/App.js","statementMap":{"0":{"start":{"line":19,"column":2},"end":{"line":34,"column":4}}},"fnMap":{"0":{"name":"App","decl":{"start":{"line":18,"column":9},"end":{"line":18,"column":12}},"loc":{"start":{"line":18,"column":15},"end":{"line":35,"column":1}},"line":18}},"branchMap":{},"s":{"0":55},"f":{"0":55},"b":{},"_coverageSchema":"1a1c01bbd47fc00a2c39e90264f33305004495a9","hash":"b751749204fb92ef81d470f4dea6bd74054df3c1"}
,"/home/ckauark/Documents/Trybe-projetos/front-end/sd-021-a-project-recipes-app/src/components/FavoriteButton.js": {"path":"/home/ckauark/Documents/Trybe-projetos/front-end/sd-021-a-project-recipes-app/src/components/FavoriteButton.js","statementMap":{"0":{"start":{"line":12,"column":6},"end":{"line":12,"column":25}},"1":{"start":{"line":13,"column":23},"end":{"line":13,"column":36}},"2":{"start":{"line":14,"column":15},"end":{"line":14,"column":59}},"3":{"start":{"line":16,"column":17},"end":{"line":24,"column":4}},"4":{"start":{"line":26,"column":20},"end":{"line":26,"column":64}},"5":{"start":{"line":26,"column":47},"end":{"line":26,"column":63}},"6":{"start":{"line":28,"column":22},"end":{"line":33,"column":3}},"7":{"start":{"line":29,"column":4},"end":{"line":32,"column":7}},"8":{"start":{"line":29,"column":28},"end":{"line":31,"column":49}},"9":{"start":{"line":31,"column":32},"end":{"line":31,"column":48}},"10":{"start":{"line":35,"column":2},"end":{"line":45,"column":4}},"11":{"start":{"line":48,"column":0},"end":{"line":55,"column":2}},"12":{"start":{"line":57,"column":0},"end":{"line":59,"column":2}}},"fnMap":{"0":{"name":"FavoriteButton","decl":{"start":{"line":8,"column":9},"end":{"line":8,"column":23}},"loc":{"start":{"line":8,"column":44},"end":{"line":46,"column":1}},"line":8},"1":{"name":"(anonymous_1)","decl":{"start":{"line":26,"column":35},"end":{"line":26,"column":36}},"loc":{"start":{"line":26,"column":47},"end":{"line":26,"column":63}},"line":26},"2":{"name":"(anonymous_2)","decl":{"start":{"line":28,"column":22},"end":{"line":28,"column":23}},"loc":{"start":{"line":28,"column":28},"end":{"line":33,"column":3}},"line":28},"3":{"name":"(anonymous_3)","decl":{"start":{"line":29,"column":17},"end":{"line":29,"column":18}},"loc":{"start":{"line":29,"column":28},"end":{"line":31,"column":49}},"line":29},"4":{"name":"(anonymous_4)","decl":{"start":{"line":31,"column":20},"end":{"line":31,"column":21}},"loc":{"start":{"line":31,"column":32},"end":{"line":31,"column":48}},"line":31}},"branchMap":{"0":{"loc":{"start":{"line":14,"column":15},"end":{"line":14,"column":59}},"type":"cond-expr","locations":[{"start":{"line":14,"column":43},"end":{"line":14,"column":49}},{"start":{"line":14,"column":52},"end":{"line":14,"column":59}}],"line":14},"1":{"loc":{"start":{"line":16,"column":17},"end":{"line":24,"column":4}},"type":"cond-expr","locations":[{"start":{"line":16,"column":49},"end":{"line":16,"column":53}},{"start":{"line":16,"column":57},"end":{"line":24,"column":3}}],"line":16},"2":{"loc":{"start":{"line":18,"column":10},"end":{"line":18,"column":54}},"type":"cond-expr","locations":[{"start":{"line":18,"column":38},"end":{"line":18,"column":44}},{"start":{"line":18,"column":47},"end":{"line":18,"column":54}}],"line":18},"3":{"loc":{"start":{"line":19,"column":17},"end":{"line":19,"column":35}},"type":"binary-expr","locations":[{"start":{"line":19,"column":17},"end":{"line":19,"column":29}},{"start":{"line":19,"column":33},"end":{"line":19,"column":35}}],"line":19},"4":{"loc":{"start":{"line":21,"column":20},"end":{"line":21,"column":43}},"type":"binary-expr","locations":[{"start":{"line":21,"column":20},"end":{"line":21,"column":37}},{"start":{"line":21,"column":41},"end":{"line":21,"column":43}}],"line":21},"5":{"loc":{"start":{"line":29,"column":28},"end":{"line":31,"column":49}},"type":"cond-expr","locations":[{"start":{"line":30,"column":8},"end":{"line":30,"column":25}},{"start":{"line":31,"column":8},"end":{"line":31,"column":49}}],"line":29},"6":{"loc":{"start":{"line":40,"column":12},"end":{"line":40,"column":38}},"type":"cond-expr","locations":[{"start":{"line":40,"column":24},"end":{"line":40,"column":28}},{"start":{"line":40,"column":31},"end":{"line":40,"column":38}}],"line":40},"7":{"loc":{"start":{"line":43,"column":17},"end":{"line":43,"column":43}},"type":"cond-expr","locations":[{"start":{"line":43,"column":29},"end":{"line":43,"column":33}},{"start":{"line":43,"column":36},"end":{"line":43,"column":43}}],"line":43}},"s":{"0":105,"1":105,"2":105,"3":105,"4":105,"5":60,"6":105,"7":2,"8":2,"9":0,"10":105,"11":9,"12":9},"f":{"0":105,"1":60,"2":2,"3":2,"4":0},"b":{"0":[73,32],"1":[8,97],"2":[73,24],"3":[97,20],"4":[97,77],"5":[2,0],"6":[47,58],"7":[47,58]},"_coverageSchema":"1a1c01bbd47fc00a2c39e90264f33305004495a9","hash":"be8b53ec70004da003d8e3e564f9295aa7ec2af4"}
,"/home/ckauark/Documents/Trybe-projetos/front-end/sd-021-a-project-recipes-app/src/components/ShareButton.js": {"path":"/home/ckauark/Documents/Trybe-projetos/front-end/sd-021-a-project-recipes-app/src/components/ShareButton.js","statementMap":{"0":{"start":{"line":8,"column":23},"end":{"line":8,"column":36}},"1":{"start":{"line":10,"column":30},"end":{"line":10,"column":45}},"2":{"start":{"line":12,"column":22},"end":{"line":15,"column":3}},"3":{"start":{"line":13,"column":4},"end":{"line":13,"column":81}},"4":{"start":{"line":14,"column":4},"end":{"line":14,"column":20}},"5":{"start":{"line":17,"column":2},"end":{"line":29,"column":4}},"6":{"start":{"line":32,"column":0},"end":{"line":35,"column":2}},"7":{"start":{"line":37,"column":0},"end":{"line":40,"column":2}}},"fnMap":{"0":{"name":"ShareButton","decl":{"start":{"line":7,"column":9},"end":{"line":7,"column":20}},"loc":{"start":{"line":7,"column":41},"end":{"line":30,"column":1}},"line":7},"1":{"name":"(anonymous_1)","decl":{"start":{"line":12,"column":22},"end":{"line":12,"column":23}},"loc":{"start":{"line":12,"column":28},"end":{"line":15,"column":3}},"line":12}},"branchMap":{"0":{"loc":{"start":{"line":13,"column":33},"end":{"line":13,"column":77}},"type":"binary-expr","locations":[{"start":{"line":13,"column":33},"end":{"line":13,"column":37}},{"start":{"line":13,"column":41},"end":{"line":13,"column":77}}],"line":13},"1":{"loc":{"start":{"line":27,"column":8},"end":{"line":27,"column":37}},"type":"binary-expr","locations":[{"start":{"line":27,"column":8},"end":{"line":27,"column":14}},{"start":{"line":27,"column":18},"end":{"line":27,"column":37}}],"line":27}},"s":{"0":114,"1":114,"2":114,"3":2,"4":2,"5":114,"6":9,"7":9},"f":{"0":114,"1":2},"b":{"0":[2,2],"1":[114,5]},"_coverageSchema":"1a1c01bbd47fc00a2c39e90264f33305004495a9","hash":"9d67a801f13d462be79cdfcb2075ae3746f1a8a3"}
,"/home/ckauark/Documents/Trybe-projetos/front-end/sd-021-a-project-recipes-app/src/components/BasicCard/BasicCard.js": {"path":"/home/ckauark/Documents/Trybe-projetos/front-end/sd-021-a-project-recipes-app/src/components/BasicCard/BasicCard.js","statementMap":{"0":{"start":{"line":7,"column":41},"end":{"line":7,"column":46}},"1":{"start":{"line":8,"column":15},"end":{"line":8,"column":55}},"2":{"start":{"line":13,"column":6},"end":{"line":13,"column":11}},"3":{"start":{"line":15,"column":2},"end":{"line":37,"column":4}},"4":{"start":{"line":40,"column":0},"end":{"line":44,"column":2}}},"fnMap":{"0":{"name":"BasicCard","decl":{"start":{"line":6,"column":9},"end":{"line":6,"column":18}},"loc":{"start":{"line":6,"column":26},"end":{"line":38,"column":1}},"line":6}},"branchMap":{"0":{"loc":{"start":{"line":8,"column":15},"end":{"line":8,"column":55}},"type":"cond-expr","locations":[{"start":{"line":8,"column":39},"end":{"line":8,"column":45}},{"start":{"line":8,"column":48},"end":{"line":8,"column":55}}],"line":8}},"s":{"0":562,"1":562,"2":562,"3":562,"4":9},"f":{"0":562},"b":{"0":[364,198]},"_coverageSchema":"1a1c01bbd47fc00a2c39e90264f33305004495a9","hash":"cc0dbd86c4cfda8dfb4aa71c9b89585d5e9480b4"}
,"/home/ckauark/Documents/Trybe-projetos/front-end/sd-021-a-project-recipes-app/src/components/DetailedCard/DetailedCard.js": {"path":"/home/ckauark/Documents/Trybe-projetos/front-end/sd-021-a-project-recipes-app/src/components/DetailedCard/DetailedCard.js","statementMap":{"0":{"start":{"line":19,"column":6},"end":{"line":19,"column":11}},"1":{"start":{"line":20,"column":2},"end":{"line":50,"column":4}},"2":{"start":{"line":46,"column":10},"end":{"line":46,"column":87}},"3":{"start":{"line":53,"column":0},"end":{"line":64,"column":2}},"4":{"start":{"line":66,"column":0},"end":{"line":69,"column":2}}},"fnMap":{"0":{"name":"DetailedCard","decl":{"start":{"line":7,"column":9},"end":{"line":7,"column":21}},"loc":{"start":{"line":7,"column":29},"end":{"line":51,"column":1}},"line":7},"1":{"name":"(anonymous_1)","decl":{"start":{"line":45,"column":35},"end":{"line":45,"column":36}},"loc":{"start":{"line":46,"column":10},"end":{"line":46,"column":87}},"line":46}},"branchMap":{"0":{"loc":{"start":{"line":32,"column":9},"end":{"line":32,"column":74}},"type":"cond-expr","locations":[{"start":{"line":32,"column":27},"end":{"line":32,"column":57}},{"start":{"line":32,"column":60},"end":{"line":32,"column":74}}],"line":32},"1":{"loc":{"start":{"line":38,"column":8},"end":{"line":43,"column":7}},"type":"cond-expr","locations":[{"start":{"line":38,"column":19},"end":{"line":38,"column":84}},{"start":{"line":39,"column":8},"end":{"line":42,"column":10}}],"line":38},"2":{"loc":{"start":{"line":45,"column":10},"end":{"line":47,"column":10}},"type":"binary-expr","locations":[{"start":{"line":45,"column":10},"end":{"line":45,"column":22}},{"start":{"line":45,"column":26},"end":{"line":47,"column":10}}],"line":45}},"s":{"0":18,"1":18,"2":10,"3":9,"4":9},"f":{"0":18,"1":10},"b":{"0":[10,8],"1":[10,8],"2":[18,6]},"_coverageSchema":"1a1c01bbd47fc00a2c39e90264f33305004495a9","hash":"bfe0ad9e43f635c6fc60557fef53223005e207a1"}
,"/home/ckauark/Documents/Trybe-projetos/front-end/sd-021-a-project-recipes-app/src/components/Footer/Footer.js": {"path":"/home/ckauark/Documents/Trybe-projetos/front-end/sd-021-a-project-recipes-app/src/components/Footer/Footer.js","statementMap":{"0":{"start":{"line":8,"column":2},"end":{"line":29,"column":4}}},"fnMap":{"0":{"name":"Footer","decl":{"start":{"line":7,"column":9},"end":{"line":7,"column":15}},"loc":{"start":{"line":7,"column":18},"end":{"line":30,"column":1}},"line":7}},"branchMap":{},"s":{"0":88},"f":{"0":88},"b":{},"_coverageSchema":"1a1c01bbd47fc00a2c39e90264f33305004495a9","hash":"db91311b351d2322652ffe1ba0a8eb7e2c424b8a"}
,"/home/ckauark/Documents/Trybe-projetos/front-end/sd-021-a-project-recipes-app/src/components/Header/Header.js": {"path":"/home/ckauark/Documents/Trybe-projetos/front-end/sd-021-a-project-recipes-app/src/components/Header/Header.js","statementMap":{"0":{"start":{"line":10,"column":15},"end":{"line":42,"column":1}},"1":{"start":{"line":11,"column":42},"end":{"line":11,"column":57}},"2":{"start":{"line":12,"column":21},"end":{"line":12,"column":42}},"3":{"start":{"line":13,"column":19},"end":{"line":13,"column":32}},"4":{"start":{"line":15,"column":23},"end":{"line":17,"column":3}},"5":{"start":{"line":16,"column":4},"end":{"line":16,"column":35}},"6":{"start":{"line":19,"column":2},"end":{"line":41,"column":4}},"7":{"start":{"line":44,"column":0},"end":{"line":46,"column":2}}},"fnMap":{"0":{"name":"(anonymous_0)","decl":{"start":{"line":10,"column":15},"end":{"line":10,"column":16}},"loc":{"start":{"line":10,"column":30},"end":{"line":42,"column":1}},"line":10},"1":{"name":"(anonymous_1)","decl":{"start":{"line":15,"column":23},"end":{"line":15,"column":24}},"loc":{"start":{"line":15,"column":29},"end":{"line":17,"column":3}},"line":15}},"branchMap":{"0":{"loc":{"start":{"line":36,"column":10},"end":{"line":37,"column":55}},"type":"binary-expr","locations":[{"start":{"line":36,"column":10},"end":{"line":36,"column":48}},{"start":{"line":37,"column":11},"end":{"line":37,"column":55}}],"line":36},"1":{"loc":{"start":{"line":39,"column":8},"end":{"line":39,"column":37}},"type":"binary-expr","locations":[{"start":{"line":39,"column":8},"end":{"line":39,"column":20}},{"start":{"line":39,"column":24},"end":{"line":39,"column":37}}],"line":39}},"s":{"0":10,"1":117,"2":117,"3":117,"4":117,"5":8,"6":117,"7":10},"f":{"0":117,"1":8},"b":{"0":[117,83],"1":[117,27]},"_coverageSchema":"1a1c01bbd47fc00a2c39e90264f33305004495a9","hash":"4acdcf447e4167bed48eb046db5aff3a28895f67"}
,"/home/ckauark/Documents/Trybe-projetos/front-end/sd-021-a-project-recipes-app/src/components/RecipeInfo/RecipeInfo.js": {"path":"/home/ckauark/Documents/Trybe-projetos/front-end/sd-021-a-project-recipes-app/src/components/RecipeInfo/RecipeInfo.js","statementMap":{"0":{"start":{"line":6,"column":58},"end":{"line":6,"column":64}},"1":{"start":{"line":7,"column":2},"end":{"line":55,"column":4}},"2":{"start":{"line":19,"column":10},"end":{"line":21,"column":14}},"3":{"start":{"line":23,"column":10},"end":{"line":37,"column":18}},"4":{"start":{"line":58,"column":0},"end":{"line":70,"column":2}},"5":{"start":{"line":72,"column":0},"end":{"line":74,"column":2}}},"fnMap":{"0":{"name":"RecipeInfo","decl":{"start":{"line":4,"column":9},"end":{"line":4,"column":19}},"loc":{"start":{"line":4,"column":46},"end":{"line":56,"column":1}},"line":4},"1":{"name":"(anonymous_1)","decl":{"start":{"line":18,"column":24},"end":{"line":18,"column":25}},"loc":{"start":{"line":19,"column":10},"end":{"line":21,"column":14}},"line":19},"2":{"name":"(anonymous_2)","decl":{"start":{"line":22,"column":24},"end":{"line":22,"column":25}},"loc":{"start":{"line":23,"column":10},"end":{"line":37,"column":18}},"line":23},"3":{"name":"(anonymous_3)","decl":{"start":{"line":73,"column":16},"end":{"line":73,"column":17}},"loc":{"start":{"line":73,"column":22},"end":{"line":73,"column":24}},"line":73}},"branchMap":{"0":{"loc":{"start":{"line":17,"column":7},"end":{"line":38,"column":11}},"type":"cond-expr","locations":[{"start":{"line":18,"column":8},"end":{"line":21,"column":16}},{"start":{"line":22,"column":8},"end":{"line":38,"column":10}}],"line":17},"1":{"loc":{"start":{"line":41,"column":7},"end":{"line":53,"column":24}},"type":"cond-expr","locations":[{"start":{"line":42,"column":8},"end":{"line":53,"column":16}},{"start":{"line":53,"column":20},"end":{"line":53,"column":24}}],"line":41}},"s":{"0":72,"1":72,"2":96,"3":740,"4":9,"5":9},"f":{"0":72,"1":96,"2":740,"3":0},"b":{"0":[12,60],"1":[62,10]},"_coverageSchema":"1a1c01bbd47fc00a2c39e90264f33305004495a9","hash":"c016b2aac5139185c1610799eebb668d36cb5620"}
,"/home/ckauark/Documents/Trybe-projetos/front-end/sd-021-a-project-recipes-app/src/components/Search/SearchBar.js": {"path":"/home/ckauark/Documents/Trybe-projetos/front-end/sd-021-a-project-recipes-app/src/components/Search/SearchBar.js","statementMap":{"0":{"start":{"line":5,"column":18},"end":{"line":59,"column":1}},"1":{"start":{"line":6,"column":35},"end":{"line":6,"column":54}},"2":{"start":{"line":8,"column":40},"end":{"line":8,"column":62}},"3":{"start":{"line":9,"column":40},"end":{"line":9,"column":63}},"4":{"start":{"line":11,"column":23},"end":{"line":16,"column":3}},"5":{"start":{"line":12,"column":23},"end":{"line":12,"column":26}},"6":{"start":{"line":14,"column":4},"end":{"line":14,"column":62}},"7":{"start":{"line":14,"column":33},"end":{"line":14,"column":62}},"8":{"start":{"line":15,"column":4},"end":{"line":15,"column":61}},"9":{"start":{"line":15,"column":32},"end":{"line":15,"column":61}},"10":{"start":{"line":18,"column":23},"end":{"line":30,"column":3}},"11":{"start":{"line":19,"column":4},"end":{"line":19,"column":25}},"12":{"start":{"line":21,"column":4},"end":{"line":29,"column":5}},"13":{"start":{"line":22,"column":6},"end":{"line":22,"column":67}},"14":{"start":{"line":24,"column":24},"end":{"line":27,"column":7}},"15":{"start":{"line":28,"column":6},"end":{"line":28,"column":30}},"16":{"start":{"line":32,"column":2},"end":{"line":58,"column":4}}},"fnMap":{"0":{"name":"(anonymous_0)","decl":{"start":{"line":5,"column":18},"end":{"line":5,"column":19}},"loc":{"start":{"line":5,"column":24},"end":{"line":59,"column":1}},"line":5},"1":{"name":"(anonymous_1)","decl":{"start":{"line":11,"column":23},"end":{"line":11,"column":24}},"loc":{"start":{"line":11,"column":32},"end":{"line":16,"column":3}},"line":11},"2":{"name":"(anonymous_2)","decl":{"start":{"line":18,"column":23},"end":{"line":18,"column":24}},"loc":{"start":{"line":18,"column":32},"end":{"line":30,"column":3}},"line":18}},"branchMap":{"0":{"loc":{"start":{"line":14,"column":4},"end":{"line":14,"column":62}},"type":"if","locations":[{"start":{"line":14,"column":4},"end":{"line":14,"column":62}},{"start":{},"end":{}}],"line":14},"1":{"loc":{"start":{"line":15,"column":4},"end":{"line":15,"column":61}},"type":"if","locations":[{"start":{"line":15,"column":4},"end":{"line":15,"column":61}},{"start":{},"end":{}}],"line":15},"2":{"loc":{"start":{"line":21,"column":4},"end":{"line":29,"column":5}},"type":"if","locations":[{"start":{"line":21,"column":4},"end":{"line":29,"column":5}},{"start":{"line":23,"column":11},"end":{"line":29,"column":5}}],"line":21},"3":{"loc":{"start":{"line":21,"column":8},"end":{"line":21,"column":64}},"type":"binary-expr","locations":[{"start":{"line":21,"column":8},"end":{"line":21,"column":30}},{"start":{"line":21,"column":34},"end":{"line":21,"column":64}}],"line":21}},"s":{"0":10,"1":72,"2":72,"3":72,"4":72,"5":45,"6":45,"7":3,"8":45,"9":42,"10":72,"11":5,"12":5,"13":1,"14":4,"15":4,"16":72},"f":{"0":72,"1":45,"2":5},"b":{"0":[3,42],"1":[42,3],"2":[1,4],"3":[5,4]},"_coverageSchema":"1a1c01bbd47fc00a2c39e90264f33305004495a9","hash":"2231eaee8598a3dc1d20e2b651dc5a7f612ea89d"}
,"/home/ckauark/Documents/Trybe-projetos/front-end/sd-021-a-project-recipes-app/src/components/Search/SearchIcon.js": {"path":"/home/ckauark/Documents/Trybe-projetos/front-end/sd-021-a-project-recipes-app/src/components/Search/SearchIcon.js","statementMap":{"0":{"start":{"line":6,"column":19},"end":{"line":21,"column":1}},"1":{"start":{"line":7,"column":2},"end":{"line":20,"column":8}},"2":{"start":{"line":23,"column":0},"end":{"line":25,"column":2}}},"fnMap":{"0":{"name":"(anonymous_0)","decl":{"start":{"line":6,"column":19},"end":{"line":6,"column":20}},"loc":{"start":{"line":7,"column":2},"end":{"line":20,"column":8}},"line":7}},"branchMap":{},"s":{"0":10,"1":83,"2":10},"f":{"0":83},"b":{},"_coverageSchema":"1a1c01bbd47fc00a2c39e90264f33305004495a9","hash":"686e46496bc73d490beb6b57a36e3cc6d7eec8d0"}
,"/home/ckauark/Documents/Trybe-projetos/front-end/sd-021-a-project-recipes-app/src/components/Search/SearchOptions.js": {"path":"/home/ckauark/Documents/Trybe-projetos/front-end/sd-021-a-project-recipes-app/src/components/Search/SearchOptions.js","statementMap":{"0":{"start":{"line":4,"column":22},"end":{"line":43,"column":1}},"1":{"start":{"line":5,"column":2},"end":{"line":42,"column":8}},"2":{"start":{"line":45,"column":0},"end":{"line":48,"column":2}}},"fnMap":{"0":{"name":"(anonymous_0)","decl":{"start":{"line":4,"column":22},"end":{"line":4,"column":23}},"loc":{"start":{"line":5,"column":2},"end":{"line":42,"column":8}},"line":5}},"branchMap":{},"s":{"0":10,"1":72,"2":10},"f":{"0":72},"b":{},"_coverageSchema":"1a1c01bbd47fc00a2c39e90264f33305004495a9","hash":"d08396560c753b7d6c4c489747aea70ec5698f38"}
,"/home/ckauark/Documents/Trybe-projetos/front-end/sd-021-a-project-recipes-app/src/context/Context.js": {"path":"/home/ckauark/Documents/Trybe-projetos/front-end/sd-021-a-project-recipes-app/src/context/Context.js","statementMap":{"0":{"start":{"line":3,"column":16},"end":{"line":3,"column":31}}},"fnMap":{},"branchMap":{},"s":{"0":10},"f":{},"b":{},"_coverageSchema":"1a1c01bbd47fc00a2c39e90264f33305004495a9","hash":"83e0d31ea665b99c38b34fa04f194a0210558d37"}
,"/home/ckauark/Documents/Trybe-projetos/front-end/sd-021-a-project-recipes-app/src/context/Provider.js": {"path":"/home/ckauark/Documents/Trybe-projetos/front-end/sd-021-a-project-recipes-app/src/context/Provider.js","statementMap":{"0":{"start":{"line":8,"column":30},"end":{"line":11,"column":4}},"1":{"start":{"line":13,"column":23},"end":{"line":15,"column":3}},"2":{"start":{"line":14,"column":4},"end":{"line":14,"column":23}},"3":{"start":{"line":17,"column":36},"end":{"line":17,"column":74}},"4":{"start":{"line":19,"column":23},"end":{"line":24,"column":3}},"5":{"start":{"line":26,"column":2},"end":{"line":30,"column":4}},"6":{"start":{"line":33,"column":0},"end":{"line":35,"column":2}}},"fnMap":{"0":{"name":"Provider","decl":{"start":{"line":7,"column":9},"end":{"line":7,"column":17}},"loc":{"start":{"line":7,"column":32},"end":{"line":31,"column":1}},"line":7},"1":{"name":"(anonymous_1)","decl":{"start":{"line":13,"column":23},"end":{"line":13,"column":24}},"loc":{"start":{"line":13,"column":36},"end":{"line":15,"column":3}},"line":13}},"branchMap":{},"s":{"0":59,"1":59,"2":4,"3":59,"4":59,"5":59,"6":9},"f":{"0":59,"1":4},"b":{},"_coverageSchema":"1a1c01bbd47fc00a2c39e90264f33305004495a9","hash":"f33c617bbaf87447c6332192ffcc72f4d9b8195a"}
,"/home/ckauark/Documents/Trybe-projetos/front-end/sd-021-a-project-recipes-app/src/helpers/getIngredientAndMeasureList.js": {"path":"/home/ckauark/Documents/Trybe-projetos/front-end/sd-021-a-project-recipes-app/src/helpers/getIngredientAndMeasureList.js","statementMap":{"0":{"start":{"line":9,"column":36},"end":{"line":21,"column":1}},"1":{"start":{"line":10,"column":18},"end":{"line":10,"column":37}},"2":{"start":{"line":11,"column":25},"end":{"line":11,"column":79}},"3":{"start":{"line":11,"column":49},"end":{"line":11,"column":78}},"4":{"start":{"line":12,"column":15},"end":{"line":18,"column":8}},"5":{"start":{"line":13,"column":4},"end":{"line":16,"column":5}},"6":{"start":{"line":14,"column":6},"end":{"line":15,"column":53}},"7":{"start":{"line":17,"column":4},"end":{"line":17,"column":15}},"8":{"start":{"line":20,"column":2},"end":{"line":20,"column":14}}},"fnMap":{"0":{"name":"(anonymous_0)","decl":{"start":{"line":9,"column":36},"end":{"line":9,"column":37}},"loc":{"start":{"line":9,"column":48},"end":{"line":21,"column":1}},"line":9},"1":{"name":"(anonymous_1)","decl":{"start":{"line":11,"column":40},"end":{"line":11,"column":41}},"loc":{"start":{"line":11,"column":49},"end":{"line":11,"column":78}},"line":11},"2":{"name":"(anonymous_2)","decl":{"start":{"line":12,"column":37},"end":{"line":12,"column":38}},"loc":{"start":{"line":12,"column":58},"end":{"line":18,"column":3}},"line":12}},"branchMap":{"0":{"loc":{"start":{"line":13,"column":4},"end":{"line":16,"column":5}},"type":"if","locations":[{"start":{"line":13,"column":4},"end":{"line":16,"column":5}},{"start":{},"end":{}}],"line":13}},"s":{"0":9,"1":23,"2":23,"3":1203,"4":23,"5":420,"6":214,"7":206,"8":23},"f":{"0":23,"1":1203,"2":420},"b":{"0":[214,206]},"_coverageSchema":"1a1c01bbd47fc00a2c39e90264f33305004495a9","hash":"b3557e3a1bddf87cb44074ddbef913a73a43d205"}
,"/home/ckauark/Documents/Trybe-projetos/front-end/sd-021-a-project-recipes-app/src/pages/index.js": {"path":"/home/ckauark/Documents/Trybe-projetos/front-end/sd-021-a-project-recipes-app/src/pages/index.js","statementMap":{},"fnMap":{},"branchMap":{},"s":{},"f":{},"b":{},"_coverageSchema":"1a1c01bbd47fc00a2c39e90264f33305004495a9","hash":"6c418a2e926bd4c6712a30ef0b1daa9a0ed6ebf1"}
,"/home/ckauark/Documents/Trybe-projetos/front-end/sd-021-a-project-recipes-app/src/pages/DoneRecipes/DoneRecipes.js": {"path":"/home/ckauark/Documents/Trybe-projetos/front-end/sd-021-a-project-recipes-app/src/pages/DoneRecipes/DoneRecipes.js","statementMap":{"0":{"start":{"line":8,"column":22},"end":{"line":8,"column":36}},"1":{"start":{"line":9,"column":30},"end":{"line":9,"column":42}},"2":{"start":{"line":10,"column":19},"end":{"line":10,"column":53}},"3":{"start":{"line":12,"column":18},"end":{"line":16,"column":3}},"4":{"start":{"line":18,"column":18},"end":{"line":19,"column":56}},"5":{"start":{"line":19,"column":26},"end":{"line":19,"column":47}},"6":{"start":{"line":21,"column":23},"end":{"line":23,"column":3}},"7":{"start":{"line":22,"column":4},"end":{"line":22,"column":21}},"8":{"start":{"line":25,"column":2},"end":{"line":60,"column":4}},"9":{"start":{"line":31,"column":12},"end":{"line":45,"column":20}},"10":{"start":{"line":50,"column":12},"end":{"line":54,"column":14}}},"fnMap":{"0":{"name":"DoneRecipes","decl":{"start":{"line":6,"column":9},"end":{"line":6,"column":20}},"loc":{"start":{"line":6,"column":23},"end":{"line":61,"column":1}},"line":6},"1":{"name":"(anonymous_1)","decl":{"start":{"line":19,"column":12},"end":{"line":19,"column":13}},"loc":{"start":{"line":19,"column":26},"end":{"line":19,"column":47}},"line":19},"2":{"name":"(anonymous_2)","decl":{"start":{"line":21,"column":23},"end":{"line":21,"column":24}},"loc":{"start":{"line":21,"column":50},"end":{"line":23,"column":3}},"line":21},"3":{"name":"(anonymous_3)","decl":{"start":{"line":30,"column":23},"end":{"line":30,"column":24}},"loc":{"start":{"line":31,"column":12},"end":{"line":45,"column":20}},"line":31},"4":{"name":"(anonymous_4)","decl":{"start":{"line":49,"column":42},"end":{"line":49,"column":43}},"loc":{"start":{"line":50,"column":12},"end":{"line":54,"column":14}},"line":50}},"branchMap":{"0":{"loc":{"start":{"line":18,"column":18},"end":{"line":19,"column":56}},"type":"cond-expr","locations":[{"start":{"line":18,"column":35},"end":{"line":19,"column":48}},{"start":{"line":19,"column":51},"end":{"line":19,"column":56}}],"line":18},"1":{"loc":{"start":{"line":49,"column":11},"end":{"line":55,"column":12}},"type":"binary-expr","locations":[{"start":{"line":49,"column":11},"end":{"line":49,"column":26}},{"start":{"line":49,"column":30},"end":{"line":55,"column":12}}],"line":49}},"s":{"0":10,"1":10,"2":10,"3":10,"4":10,"5":12,"6":10,"7":3,"8":10,"9":30,"10":10},"f":{"0":10,"1":12,"2":3,"3":30,"4":10},"b":{"0":[7,3],"1":[10,7]},"_coverageSchema":"1a1c01bbd47fc00a2c39e90264f33305004495a9","hash":"5894a4200085d52a2d836abaec8ff548109711dd"}
,"/home/ckauark/Documents/Trybe-projetos/front-end/sd-021-a-project-recipes-app/src/pages/FavoriteRecipes/FavoriteRecipes.js": {"path":"/home/ckauark/Documents/Trybe-projetos/front-end/sd-021-a-project-recipes-app/src/pages/FavoriteRecipes/FavoriteRecipes.js","statementMap":{"0":{"start":{"line":7,"column":22},"end":{"line":7,"column":40}},"1":{"start":{"line":8,"column":30},"end":{"line":8,"column":42}},"2":{"start":{"line":9,"column":24},"end":{"line":9,"column":43}},"3":{"start":{"line":11,"column":18},"end":{"line":15,"column":3}},"4":{"start":{"line":17,"column":23},"end":{"line":19,"column":3}},"5":{"start":{"line":18,"column":4},"end":{"line":18,"column":21}},"6":{"start":{"line":21,"column":18},"end":{"line":21,"column":71}},"7":{"start":{"line":21,"column":49},"end":{"line":21,"column":70}},"8":{"start":{"line":23,"column":2},"end":{"line":57,"column":4}},"9":{"start":{"line":29,"column":12},"end":{"line":43,"column":20}},"10":{"start":{"line":48,"column":12},"end":{"line":52,"column":14}}},"fnMap":{"0":{"name":"FavoriteRecipes","decl":{"start":{"line":6,"column":9},"end":{"line":6,"column":24}},"loc":{"start":{"line":6,"column":27},"end":{"line":58,"column":1}},"line":6},"1":{"name":"(anonymous_1)","decl":{"start":{"line":17,"column":23},"end":{"line":17,"column":24}},"loc":{"start":{"line":17,"column":50},"end":{"line":19,"column":3}},"line":17},"2":{"name":"(anonymous_2)","decl":{"start":{"line":21,"column":35},"end":{"line":21,"column":36}},"loc":{"start":{"line":21,"column":49},"end":{"line":21,"column":70}},"line":21},"3":{"name":"(anonymous_3)","decl":{"start":{"line":28,"column":23},"end":{"line":28,"column":24}},"loc":{"start":{"line":29,"column":12},"end":{"line":43,"column":20}},"line":29},"4":{"name":"(anonymous_4)","decl":{"start":{"line":47,"column":23},"end":{"line":47,"column":24}},"loc":{"start":{"line":48,"column":12},"end":{"line":52,"column":14}},"line":48}},"branchMap":{},"s":{"0":8,"1":8,"2":8,"3":8,"4":8,"5":3,"6":8,"7":10,"8":8,"9":24,"10":8},"f":{"0":8,"1":3,"2":10,"3":24,"4":8},"b":{},"_coverageSchema":"1a1c01bbd47fc00a2c39e90264f33305004495a9","hash":"990c255a065178a1c76ba1cbc7cd619aa01a7c15"}
,"/home/ckauark/Documents/Trybe-projetos/front-end/sd-021-a-project-recipes-app/src/pages/Login/Login.js": {"path":"/home/ckauark/Documents/Trybe-projetos/front-end/sd-021-a-project-recipes-app/src/pages/Login/Login.js","statementMap":{"0":{"start":{"line":5,"column":28},"end":{"line":5,"column":40}},"1":{"start":{"line":6,"column":34},"end":{"line":6,"column":46}},"2":{"start":{"line":7,"column":38},"end":{"line":7,"column":52}},"3":{"start":{"line":9,"column":25},"end":{"line":19,"column":3}},"4":{"start":{"line":10,"column":19},"end":{"line":10,"column":20}},"5":{"start":{"line":11,"column":24},"end":{"line":11,"column":69}},"6":{"start":{"line":12,"column":28},"end":{"line":12,"column":52}},"7":{"start":{"line":13,"column":26},"end":{"line":13,"column":51}},"8":{"start":{"line":14,"column":4},"end":{"line":18,"column":5}},"9":{"start":{"line":15,"column":6},"end":{"line":15,"column":27}},"10":{"start":{"line":17,"column":6},"end":{"line":17,"column":26}},"11":{"start":{"line":21,"column":22},"end":{"line":24,"column":3}},"12":{"start":{"line":22,"column":4},"end":{"line":22,"column":20}},"13":{"start":{"line":23,"column":4},"end":{"line":23,"column":21}},"14":{"start":{"line":26,"column":25},"end":{"line":29,"column":3}},"15":{"start":{"line":27,"column":4},"end":{"line":27,"column":23}},"16":{"start":{"line":28,"column":4},"end":{"line":28,"column":21}},"17":{"start":{"line":31,"column":22},"end":{"line":37,"column":3}},"18":{"start":{"line":32,"column":4},"end":{"line":32,"column":20}},"19":{"start":{"line":33,"column":4},"end":{"line":33,"column":60}},"20":{"start":{"line":34,"column":4},"end":{"line":34,"column":42}},"21":{"start":{"line":35,"column":4},"end":{"line":35,"column":46}},"22":{"start":{"line":36,"column":4},"end":{"line":36,"column":27}},"23":{"start":{"line":39,"column":2},"end":{"line":64,"column":4}},"24":{"start":{"line":67,"column":0},"end":{"line":71,"column":2}}},"fnMap":{"0":{"name":"Login","decl":{"start":{"line":4,"column":9},"end":{"line":4,"column":14}},"loc":{"start":{"line":4,"column":28},"end":{"line":65,"column":1}},"line":4},"1":{"name":"(anonymous_1)","decl":{"start":{"line":9,"column":25},"end":{"line":9,"column":26}},"loc":{"start":{"line":9,"column":31},"end":{"line":19,"column":3}},"line":9},"2":{"name":"(anonymous_2)","decl":{"start":{"line":21,"column":22},"end":{"line":21,"column":23}},"loc":{"start":{"line":21,"column":49},"end":{"line":24,"column":3}},"line":21},"3":{"name":"(anonymous_3)","decl":{"start":{"line":26,"column":25},"end":{"line":26,"column":26}},"loc":{"start":{"line":26,"column":52},"end":{"line":29,"column":3}},"line":26},"4":{"name":"(anonymous_4)","decl":{"start":{"line":31,"column":22},"end":{"line":31,"column":23}},"loc":{"start":{"line":31,"column":28},"end":{"line":37,"column":3}},"line":31}},"branchMap":{"0":{"loc":{"start":{"line":14,"column":4},"end":{"line":18,"column":5}},"type":"if","locations":[{"start":{"line":14,"column":4},"end":{"line":18,"column":5}},{"start":{"line":16,"column":11},"end":{"line":18,"column":5}}],"line":14},"1":{"loc":{"start":{"line":14,"column":8},"end":{"line":14,"column":40}},"type":"binary-expr","locations":[{"start":{"line":14,"column":8},"end":{"line":14,"column":23}},{"start":{"line":14,"column":27},"end":{"line":14,"column":40}}],"line":14}},"s":{"0":120,"1":120,"2":120,"3":120,"4":66,"5":66,"6":66,"7":66,"8":66,"9":3,"10":63,"11":120,"12":45,"13":45,"14":120,"15":21,"16":21,"17":120,"18":1,"19":1,"20":1,"21":1,"22":1,"23":120,"24":9},"f":{"0":120,"1":66,"2":45,"3":21,"4":1},"b":{"0":[3,63],"1":[66,24]},"_coverageSchema":"1a1c01bbd47fc00a2c39e90264f33305004495a9","hash":"f77bbd90314a6175a2c7f57b42eb4a7d6c8eec3f"}
,"/home/ckauark/Documents/Trybe-projetos/front-end/sd-021-a-project-recipes-app/src/pages/Profile/Profile.js": {"path":"/home/ckauark/Documents/Trybe-projetos/front-end/sd-021-a-project-recipes-app/src/pages/Profile/Profile.js","statementMap":{"0":{"start":{"line":11,"column":22},"end":{"line":11,"column":31}},"1":{"start":{"line":12,"column":17},"end":{"line":12,"column":44}},"2":{"start":{"line":18,"column":2},"end":{"line":58,"column":4}}},"fnMap":{"0":{"name":"Profile","decl":{"start":{"line":9,"column":9},"end":{"line":9,"column":16}},"loc":{"start":{"line":9,"column":19},"end":{"line":59,"column":1}},"line":9}},"branchMap":{},"s":{"0":10,"1":10,"2":10},"f":{"0":10},"b":{},"_coverageSchema":"1a1c01bbd47fc00a2c39e90264f33305004495a9","hash":"6e7e280af568518887285fd71acd7a229a9ffeaa"}
,"/home/ckauark/Documents/Trybe-projetos/front-end/sd-021-a-project-recipes-app/src/pages/RecipeDetails/RecipeDetails.js": {"path":"/home/ckauark/Documents/Trybe-projetos/front-end/sd-021-a-project-recipes-app/src/pages/RecipeDetails/RecipeDetails.js","statementMap":{"0":{"start":{"line":14,"column":30},"end":{"line":14,"column":40}},"1":{"start":{"line":15,"column":38},"end":{"line":15,"column":48}},"2":{"start":{"line":16,"column":23},"end":{"line":16,"column":63}},"3":{"start":{"line":17,"column":19},"end":{"line":17,"column":53}},"4":{"start":{"line":19,"column":2},"end":{"line":51,"column":9}},"5":{"start":{"line":20,"column":22},"end":{"line":49,"column":5}},"6":{"start":{"line":21,"column":19},"end":{"line":21,"column":63}},"7":{"start":{"line":23,"column":24},"end":{"line":23,"column":52}},"8":{"start":{"line":24,"column":26},"end":{"line":24,"column":64}},"9":{"start":{"line":26,"column":22},"end":{"line":26,"column":63}},"10":{"start":{"line":27,"column":26},"end":{"line":27,"column":75}},"11":{"start":{"line":35,"column":10},"end":{"line":35,"column":19}},"12":{"start":{"line":37,"column":6},"end":{"line":48,"column":9}},"13":{"start":{"line":50,"column":4},"end":{"line":50,"column":16}},"14":{"start":{"line":53,"column":2},"end":{"line":61,"column":9}},"15":{"start":{"line":54,"column":29},"end":{"line":59,"column":5}},"16":{"start":{"line":55,"column":19},"end":{"line":55,"column":63}},"17":{"start":{"line":56,"column":21},"end":{"line":56,"column":64}},"18":{"start":{"line":57,"column":28},"end":{"line":57,"column":67}},"19":{"start":{"line":58,"column":6},"end":{"line":58,"column":35}},"20":{"start":{"line":60,"column":4},"end":{"line":60,"column":23}},"21":{"start":{"line":63,"column":23},"end":{"line":71,"column":3}},"22":{"start":{"line":64,"column":17},"end":{"line":64,"column":63}},"23":{"start":{"line":65,"column":4},"end":{"line":68,"column":5}},"24":{"start":{"line":65,"column":36},"end":{"line":65,"column":56}},"25":{"start":{"line":66,"column":6},"end":{"line":66,"column":26}},"26":{"start":{"line":67,"column":6},"end":{"line":67,"column":20}},"27":{"start":{"line":69,"column":4},"end":{"line":69,"column":52}},"28":{"start":{"line":69,"column":32},"end":{"line":69,"column":52}},"29":{"start":{"line":70,"column":4},"end":{"line":70,"column":17}},"30":{"start":{"line":73,"column":2},"end":{"line":114,"column":4}},"31":{"start":{"line":86,"column":10},"end":{"line":98,"column":16}},"32":{"start":{"line":107,"column":28},"end":{"line":108,"column":73}},"33":{"start":{"line":117,"column":0},"end":{"line":127,"column":2}}},"fnMap":{"0":{"name":"RecipeDetails","decl":{"start":{"line":13,"column":9},"end":{"line":13,"column":22}},"loc":{"start":{"line":13,"column":69},"end":{"line":115,"column":1}},"line":13},"1":{"name":"(anonymous_1)","decl":{"start":{"line":19,"column":12},"end":{"line":19,"column":13}},"loc":{"start":{"line":19,"column":18},"end":{"line":51,"column":3}},"line":19},"2":{"name":"(anonymous_2)","decl":{"start":{"line":20,"column":22},"end":{"line":20,"column":23}},"loc":{"start":{"line":20,"column":34},"end":{"line":49,"column":5}},"line":20},"3":{"name":"(anonymous_3)","decl":{"start":{"line":53,"column":12},"end":{"line":53,"column":13}},"loc":{"start":{"line":53,"column":18},"end":{"line":61,"column":3}},"line":53},"4":{"name":"(anonymous_4)","decl":{"start":{"line":54,"column":29},"end":{"line":54,"column":30}},"loc":{"start":{"line":54,"column":41},"end":{"line":59,"column":5}},"line":54},"5":{"name":"(anonymous_5)","decl":{"start":{"line":63,"column":23},"end":{"line":63,"column":24}},"loc":{"start":{"line":63,"column":29},"end":{"line":71,"column":3}},"line":63},"6":{"name":"(anonymous_6)","decl":{"start":{"line":65,"column":20},"end":{"line":65,"column":21}},"loc":{"start":{"line":65,"column":36},"end":{"line":65,"column":56}},"line":65},"7":{"name":"(anonymous_7)","decl":{"start":{"line":85,"column":38},"end":{"line":85,"column":39}},"loc":{"start":{"line":86,"column":10},"end":{"line":98,"column":16}},"line":86},"8":{"name":"(anonymous_8)","decl":{"start":{"line":107,"column":22},"end":{"line":107,"column":23}},"loc":{"start":{"line":107,"column":28},"end":{"line":108,"column":73}},"line":107}},"branchMap":{"0":{"loc":{"start":{"line":21,"column":19},"end":{"line":21,"column":63}},"type":"cond-expr","locations":[{"start":{"line":21,"column":44},"end":{"line":21,"column":50}},{"start":{"line":21,"column":53},"end":{"line":21,"column":63}}],"line":21},"1":{"loc":{"start":{"line":26,"column":22},"end":{"line":26,"column":63}},"type":"cond-expr","locations":[{"start":{"line":26,"column":47},"end":{"line":26,"column":53}},{"start":{"line":26,"column":56},"end":{"line":26,"column":63}}],"line":26},"2":{"loc":{"start":{"line":27,"column":26},"end":{"line":27,"column":75}},"type":"cond-expr","locations":[{"start":{"line":27,"column":51},"end":{"line":27,"column":61}},{"start":{"line":27,"column":64},"end":{"line":27,"column":75}}],"line":27},"3":{"loc":{"start":{"line":55,"column":19},"end":{"line":55,"column":63}},"type":"cond-expr","locations":[{"start":{"line":55,"column":44},"end":{"line":55,"column":54}},{"start":{"line":55,"column":57},"end":{"line":55,"column":63}}],"line":55},"4":{"loc":{"start":{"line":56,"column":21},"end":{"line":56,"column":64}},"type":"cond-expr","locations":[{"start":{"line":56,"column":46},"end":{"line":56,"column":54}},{"start":{"line":56,"column":57},"end":{"line":56,"column":64}}],"line":56},"5":{"loc":{"start":{"line":64,"column":17},"end":{"line":64,"column":63}},"type":"cond-expr","locations":[{"start":{"line":64,"column":42},"end":{"line":64,"column":49}},{"start":{"line":64,"column":52},"end":{"line":64,"column":63}}],"line":64},"6":{"loc":{"start":{"line":65,"column":4},"end":{"line":68,"column":5}},"type":"if","locations":[{"start":{"line":65,"column":4},"end":{"line":68,"column":5}},{"start":{},"end":{}}],"line":65},"7":{"loc":{"start":{"line":69,"column":4},"end":{"line":69,"column":52}},"type":"if","locations":[{"start":{"line":69,"column":4},"end":{"line":69,"column":52}},{"start":{},"end":{}}],"line":69},"8":{"loc":{"start":{"line":75,"column":7},"end":{"line":83,"column":7}},"type":"cond-expr","locations":[{"start":{"line":75,"column":17},"end":{"line":75,"column":21}},{"start":{"line":76,"column":8},"end":{"line":82,"column":14}}],"line":75},"9":{"loc":{"start":{"line":85,"column":9},"end":{"line":99,"column":10}},"type":"binary-expr","locations":[{"start":{"line":85,"column":9},"end":{"line":85,"column":19}},{"start":{"line":85,"column":23},"end":{"line":99,"column":10}}],"line":85},"10":{"loc":{"start":{"line":93,"column":25},"end":{"line":93,"column":69}},"type":"cond-expr","locations":[{"start":{"line":93,"column":50},"end":{"line":93,"column":58}},{"start":{"line":93,"column":61},"end":{"line":93,"column":69}}],"line":93},"11":{"loc":{"start":{"line":101,"column":7},"end":{"line":112,"column":15}},"type":"cond-expr","locations":[{"start":{"line":101,"column":37},"end":{"line":101,"column":41}},{"start":{"line":102,"column":8},"end":{"line":112,"column":14}}],"line":101},"12":{"loc":{"start":{"line":107,"column":45},"end":{"line":108,"column":52}},"type":"cond-expr","locations":[{"start":{"line":108,"column":34},"end":{"line":108,"column":41}},{"start":{"line":108,"column":44},"end":{"line":108,"column":52}}],"line":107},"13":{"loc":{"start":{"line":110,"column":14},"end":{"line":110,"column":82}},"type":"cond-expr","locations":[{"start":{"line":110,"column":48},"end":{"line":110,"column":65}},{"start":{"line":110,"column":68},"end":{"line":110,"column":82}}],"line":110}},"s":{"0":24,"1":24,"2":24,"3":24,"4":24,"5":12,"6":12,"7":12,"8":10,"9":10,"10":10,"11":10,"12":10,"13":12,"14":24,"15":12,"16":12,"17":12,"18":12,"19":10,"20":12,"21":24,"22":45,"23":45,"24":11,"25":3,"26":3,"27":42,"28":8,"29":34,"30":24,"31":36,"32":3,"33":9},"f":{"0":24,"1":12,"2":12,"3":12,"4":12,"5":45,"6":11,"7":36,"8":3},"b":{"0":[7,5],"1":[6,4],"2":[6,4],"3":[7,5],"4":[7,5],"5":[23,22],"6":[3,42],"7":[8,34],"8":[12,12],"9":[24,6],"10":[18,18],"11":[3,21],"12":[2,1],"13":[4,17]},"_coverageSchema":"1a1c01bbd47fc00a2c39e90264f33305004495a9","hash":"8fb6cc73519b9f16389df6fe4d01234367c64809"}
,"/home/ckauark/Documents/Trybe-projetos/front-end/sd-021-a-project-recipes-app/src/pages/RecipeInProgress/RecipeInProgress.js": {"path":"/home/ckauark/Documents/Trybe-projetos/front-end/sd-021-a-project-recipes-app/src/pages/RecipeInProgress/RecipeInProgress.js","statementMap":{"0":{"start":{"line":12,"column":17},"end":{"line":12,"column":38}},"1":{"start":{"line":13,"column":15},"end":{"line":13,"column":43}},"2":{"start":{"line":14,"column":19},"end":{"line":14,"column":47}},"3":{"start":{"line":15,"column":22},"end":{"line":15,"column":59}},"4":{"start":{"line":16,"column":18},"end":{"line":16,"column":43}},"5":{"start":{"line":17,"column":22},"end":{"line":17,"column":55}},"6":{"start":{"line":18,"column":2},"end":{"line":29,"column":5}},"7":{"start":{"line":31,"column":2},"end":{"line":41,"column":3}},"8":{"start":{"line":32,"column":4},"end":{"line":40,"column":8}},"9":{"start":{"line":32,"column":29},"end":{"line":40,"column":5}},"10":{"start":{"line":35,"column":40},"end":{"line":38,"column":9}},"11":{"start":{"line":44,"column":22},"end":{"line":57,"column":1}},"12":{"start":{"line":45,"column":18},"end":{"line":45,"column":58}},"13":{"start":{"line":46,"column":2},"end":{"line":56,"column":5}},"14":{"start":{"line":61,"column":30},"end":{"line":61,"column":40}},"15":{"start":{"line":62,"column":50},"end":{"line":62,"column":60}},"16":{"start":{"line":63,"column":26},"end":{"line":63,"column":81}},"17":{"start":{"line":68,"column":6},"end":{"line":68,"column":46}},"18":{"start":{"line":69,"column":24},"end":{"line":69,"column":58}},"19":{"start":{"line":71,"column":2},"end":{"line":74,"column":17}},"20":{"start":{"line":72,"column":4},"end":{"line":72,"column":72}},"21":{"start":{"line":73,"column":4},"end":{"line":73,"column":59}},"22":{"start":{"line":76,"column":2},"end":{"line":79,"column":29}},"23":{"start":{"line":77,"column":4},"end":{"line":78,"column":66}},"24":{"start":{"line":78,"column":56},"end":{"line":78,"column":63}},"25":{"start":{"line":81,"column":32},"end":{"line":99,"column":3}},"26":{"start":{"line":82,"column":24},"end":{"line":82,"column":30}},"27":{"start":{"line":83,"column":4},"end":{"line":86,"column":61}},"28":{"start":{"line":88,"column":4},"end":{"line":98,"column":8}},"29":{"start":{"line":88,"column":29},"end":{"line":98,"column":5}},"30":{"start":{"line":91,"column":43},"end":{"line":96,"column":11}},"31":{"start":{"line":101,"column":27},"end":{"line":111,"column":3}},"32":{"start":{"line":102,"column":23},"end":{"line":102,"column":50}},"33":{"start":{"line":103,"column":4},"end":{"line":108,"column":8}},"34":{"start":{"line":103,"column":25},"end":{"line":108,"column":5}},"35":{"start":{"line":110,"column":4},"end":{"line":110,"column":34}},"36":{"start":{"line":113,"column":2},"end":{"line":143,"column":4}},"37":{"start":{"line":146,"column":0},"end":{"line":156,"column":2}}},"fnMap":{"0":{"name":"getRecipe","decl":{"start":{"line":11,"column":15},"end":{"line":11,"column":24}},"loc":{"start":{"line":11,"column":87},"end":{"line":42,"column":1}},"line":11},"1":{"name":"(anonymous_1)","decl":{"start":{"line":32,"column":18},"end":{"line":32,"column":19}},"loc":{"start":{"line":32,"column":29},"end":{"line":40,"column":5}},"line":32},"2":{"name":"(anonymous_2)","decl":{"start":{"line":35,"column":30},"end":{"line":35,"column":31}},"loc":{"start":{"line":35,"column":40},"end":{"line":38,"column":9}},"line":35},"3":{"name":"(anonymous_3)","decl":{"start":{"line":44,"column":22},"end":{"line":44,"column":23}},"loc":{"start":{"line":44,"column":40},"end":{"line":57,"column":1}},"line":44},"4":{"name":"RecipeInProgress","decl":{"start":{"line":60,"column":9},"end":{"line":60,"column":25}},"loc":{"start":{"line":60,"column":72},"end":{"line":144,"column":1}},"line":60},"5":{"name":"(anonymous_5)","decl":{"start":{"line":71,"column":12},"end":{"line":71,"column":13}},"loc":{"start":{"line":71,"column":18},"end":{"line":74,"column":3}},"line":71},"6":{"name":"(anonymous_6)","decl":{"start":{"line":76,"column":12},"end":{"line":76,"column":13}},"loc":{"start":{"line":76,"column":18},"end":{"line":79,"column":3}},"line":76},"7":{"name":"(anonymous_7)","decl":{"start":{"line":78,"column":39},"end":{"line":78,"column":40}},"loc":{"start":{"line":78,"column":56},"end":{"line":78,"column":63}},"line":78},"8":{"name":"(anonymous_8)","decl":{"start":{"line":81,"column":32},"end":{"line":81,"column":33}},"loc":{"start":{"line":81,"column":48},"end":{"line":99,"column":3}},"line":81},"9":{"name":"(anonymous_9)","decl":{"start":{"line":88,"column":18},"end":{"line":88,"column":19}},"loc":{"start":{"line":88,"column":29},"end":{"line":98,"column":5}},"line":88},"10":{"name":"(anonymous_10)","decl":{"start":{"line":91,"column":33},"end":{"line":91,"column":34}},"loc":{"start":{"line":91,"column":43},"end":{"line":96,"column":11}},"line":91},"11":{"name":"(anonymous_11)","decl":{"start":{"line":101,"column":27},"end":{"line":101,"column":28}},"loc":{"start":{"line":101,"column":33},"end":{"line":111,"column":3}},"line":101},"12":{"name":"(anonymous_12)","decl":{"start":{"line":103,"column":14},"end":{"line":103,"column":15}},"loc":{"start":{"line":103,"column":25},"end":{"line":108,"column":5}},"line":103}},"branchMap":{"0":{"loc":{"start":{"line":13,"column":15},"end":{"line":13,"column":43}},"type":"cond-expr","locations":[{"start":{"line":13,"column":24},"end":{"line":13,"column":30}},{"start":{"line":13,"column":33},"end":{"line":13,"column":43}}],"line":13},"1":{"loc":{"start":{"line":16,"column":18},"end":{"line":16,"column":43}},"type":"cond-expr","locations":[{"start":{"line":16,"column":27},"end":{"line":16,"column":33}},{"start":{"line":16,"column":36},"end":{"line":16,"column":43}}],"line":16},"2":{"loc":{"start":{"line":17,"column":22},"end":{"line":17,"column":55}},"type":"cond-expr","locations":[{"start":{"line":17,"column":31},"end":{"line":17,"column":41}},{"start":{"line":17,"column":44},"end":{"line":17,"column":55}}],"line":17},"3":{"loc":{"start":{"line":31,"column":2},"end":{"line":41,"column":3}},"type":"if","locations":[{"start":{"line":31,"column":2},"end":{"line":41,"column":3}},{"start":{},"end":{}}],"line":31},"4":{"loc":{"start":{"line":45,"column":18},"end":{"line":45,"column":58}},"type":"cond-expr","locations":[{"start":{"line":45,"column":42},"end":{"line":45,"column":48}},{"start":{"line":45,"column":51},"end":{"line":45,"column":58}}],"line":45},"5":{"loc":{"start":{"line":48,"column":10},"end":{"line":48,"column":50}},"type":"cond-expr","locations":[{"start":{"line":48,"column":34},"end":{"line":48,"column":40}},{"start":{"line":48,"column":43},"end":{"line":48,"column":50}}],"line":48},"6":{"loc":{"start":{"line":49,"column":17},"end":{"line":49,"column":37}},"type":"binary-expr","locations":[{"start":{"line":49,"column":17},"end":{"line":49,"column":31}},{"start":{"line":49,"column":35},"end":{"line":49,"column":37}}],"line":49},"7":{"loc":{"start":{"line":51,"column":20},"end":{"line":51,"column":45}},"type":"binary-expr","locations":[{"start":{"line":51,"column":20},"end":{"line":51,"column":39}},{"start":{"line":51,"column":43},"end":{"line":51,"column":45}}],"line":51},"8":{"loc":{"start":{"line":55,"column":10},"end":{"line":55,"column":57}},"type":"cond-expr","locations":[{"start":{"line":55,"column":27},"end":{"line":55,"column":52}},{"start":{"line":55,"column":55},"end":{"line":55,"column":57}}],"line":55},"9":{"loc":{"start":{"line":63,"column":35},"end":{"line":63,"column":80}},"type":"cond-expr","locations":[{"start":{"line":63,"column":59},"end":{"line":63,"column":66}},{"start":{"line":63,"column":69},"end":{"line":63,"column":80}}],"line":63},"10":{"loc":{"start":{"line":73,"column":12},"end":{"line":73,"column":57}},"type":"cond-expr","locations":[{"start":{"line":73,"column":36},"end":{"line":73,"column":43}},{"start":{"line":73,"column":46},"end":{"line":73,"column":57}}],"line":73},"11":{"loc":{"start":{"line":77,"column":24},"end":{"line":78,"column":64}},"type":"binary-expr","locations":[{"start":{"line":77,"column":24},"end":{"line":77,"column":46}},{"start":{"line":78,"column":9},"end":{"line":78,"column":64}}],"line":77},"12":{"loc":{"start":{"line":86,"column":24},"end":{"line":86,"column":60}},"type":"cond-expr","locations":[{"start":{"line":86,"column":34},"end":{"line":86,"column":48}},{"start":{"line":86,"column":51},"end":{"line":86,"column":60}}],"line":86},"13":{"loc":{"start":{"line":91,"column":43},"end":{"line":96,"column":11}},"type":"cond-expr","locations":[{"start":{"line":92,"column":12},"end":{"line":92,"column":15}},{"start":{"line":93,"column":12},"end":{"line":96,"column":11}}],"line":91},"14":{"loc":{"start":{"line":113,"column":9},"end":{"line":143,"column":3}},"type":"cond-expr","locations":[{"start":{"line":113,"column":19},"end":{"line":113,"column":23}},{"start":{"line":114,"column":4},"end":{"line":142,"column":10}}],"line":113},"15":{"loc":{"start":{"line":118,"column":13},"end":{"line":118,"column":67}},"type":"cond-expr","locations":[{"start":{"line":118,"column":37},"end":{"line":118,"column":50}},{"start":{"line":118,"column":53},"end":{"line":118,"column":67}}],"line":118},"16":{"loc":{"start":{"line":120,"column":7},"end":{"line":141,"column":9}},"type":"cond-expr","locations":[{"start":{"line":120,"column":33},"end":{"line":120,"column":37}},{"start":{"line":122,"column":10},"end":{"line":140,"column":16}}],"line":120}},"s":{"0":16,"1":16,"2":16,"3":13,"4":13,"5":13,"6":13,"7":13,"8":11,"9":11,"10":103,"11":9,"12":2,"13":2,"14":141,"15":141,"16":141,"17":141,"18":141,"19":141,"20":16,"21":16,"22":141,"23":73,"24":338,"25":141,"26":42,"27":42,"28":42,"29":42,"30":516,"31":141,"32":2,"33":2,"34":2,"35":2,"36":141,"37":9},"f":{"0":16,"1":11,"2":103,"3":2,"4":141,"5":16,"6":73,"7":338,"8":42,"9":42,"10":516,"11":2,"12":2},"b":{"0":[10,6],"1":[9,4],"2":[9,4],"3":[11,2],"4":[2,0],"5":[2,0],"6":[2,0],"7":[2,2],"8":[2,0],"9":[115,26],"10":[10,6],"11":[73,51],"12":[42,0],"13":[474,42],"14":[14,127],"15":[104,23],"16":[31,96]},"_coverageSchema":"1a1c01bbd47fc00a2c39e90264f33305004495a9","hash":"723a43470440bba3796f5742dc85bfc9ec49f869"}
,"/home/ckauark/Documents/Trybe-projetos/front-end/sd-021-a-project-recipes-app/src/pages/Recipes/Recipes.js": {"path":"/home/ckauark/Documents/Trybe-projetos/front-end/sd-021-a-project-recipes-app/src/pages/Recipes/Recipes.js","statementMap":{"0":{"start":{"line":10,"column":32},"end":{"line":10,"column":44}},"1":{"start":{"line":11,"column":38},"end":{"line":11,"column":50}},"2":{"start":{"line":12,"column":34},"end":{"line":12,"column":44}},"3":{"start":{"line":14,"column":21},"end":{"line":14,"column":40}},"4":{"start":{"line":16,"column":22},"end":{"line":16,"column":64}},"5":{"start":{"line":18,"column":2},"end":{"line":34,"column":35}},"6":{"start":{"line":19,"column":23},"end":{"line":32,"column":5}},"7":{"start":{"line":20,"column":17},"end":{"line":20,"column":60}},"8":{"start":{"line":21,"column":21},"end":{"line":21,"column":61}},"9":{"start":{"line":22,"column":6},"end":{"line":22,"column":27}},"10":{"start":{"line":23,"column":6},"end":{"line":26,"column":7}},"11":{"start":{"line":24,"column":21},"end":{"line":24,"column":61}},"12":{"start":{"line":25,"column":8},"end":{"line":25,"column":64}},"13":{"start":{"line":27,"column":6},"end":{"line":29,"column":7}},"14":{"start":{"line":28,"column":8},"end":{"line":28,"column":80}},"15":{"start":{"line":30,"column":6},"end":{"line":30,"column":43}},"16":{"start":{"line":31,"column":6},"end":{"line":31,"column":30}},"17":{"start":{"line":33,"column":4},"end":{"line":33,"column":17}},"18":{"start":{"line":36,"column":31},"end":{"line":45,"column":3}},"19":{"start":{"line":37,"column":22},"end":{"line":37,"column":28}},"20":{"start":{"line":38,"column":4},"end":{"line":44,"column":7}},"21":{"start":{"line":39,"column":6},"end":{"line":42,"column":7}},"22":{"start":{"line":40,"column":8},"end":{"line":40,"column":31}},"23":{"start":{"line":41,"column":8},"end":{"line":41,"column":25}},"24":{"start":{"line":43,"column":6},"end":{"line":43,"column":19}},"25":{"start":{"line":47,"column":2},"end":{"line":79,"column":4}},"26":{"start":{"line":52,"column":10},"end":{"line":65,"column":18}},"27":{"start":{"line":68,"column":10},"end":{"line":74,"column":12}},"28":{"start":{"line":82,"column":0},"end":{"line":89,"column":2}}},"fnMap":{"0":{"name":"Recipes","decl":{"start":{"line":9,"column":9},"end":{"line":9,"column":16}},"loc":{"start":{"line":9,"column":54},"end":{"line":80,"column":1}},"line":9},"1":{"name":"(anonymous_1)","decl":{"start":{"line":18,"column":12},"end":{"line":18,"column":13}},"loc":{"start":{"line":18,"column":18},"end":{"line":34,"column":3}},"line":18},"2":{"name":"(anonymous_2)","decl":{"start":{"line":19,"column":23},"end":{"line":19,"column":24}},"loc":{"start":{"line":19,"column":35},"end":{"line":32,"column":5}},"line":19},"3":{"name":"(anonymous_3)","decl":{"start":{"line":36,"column":31},"end":{"line":36,"column":32}},"loc":{"start":{"line":36,"column":47},"end":{"line":45,"column":3}},"line":36},"4":{"name":"(anonymous_4)","decl":{"start":{"line":38,"column":16},"end":{"line":38,"column":17}},"loc":{"start":{"line":38,"column":26},"end":{"line":44,"column":5}},"line":38},"5":{"name":"(anonymous_5)","decl":{"start":{"line":51,"column":50},"end":{"line":51,"column":51}},"loc":{"start":{"line":52,"column":10},"end":{"line":65,"column":18}},"line":52},"6":{"name":"(anonymous_6)","decl":{"start":{"line":67,"column":44},"end":{"line":67,"column":45}},"loc":{"start":{"line":68,"column":10},"end":{"line":74,"column":12}},"line":68}},"branchMap":{"0":{"loc":{"start":{"line":16,"column":22},"end":{"line":16,"column":64}},"type":"cond-expr","locations":[{"start":{"line":16,"column":46},"end":{"line":16,"column":53}},{"start":{"line":16,"column":56},"end":{"line":16,"column":64}}],"line":16},"1":{"loc":{"start":{"line":20,"column":17},"end":{"line":20,"column":60}},"type":"cond-expr","locations":[{"start":{"line":20,"column":41},"end":{"line":20,"column":47}},{"start":{"line":20,"column":50},"end":{"line":20,"column":60}}],"line":20},"2":{"loc":{"start":{"line":23,"column":6},"end":{"line":26,"column":7}},"type":"if","locations":[{"start":{"line":23,"column":6},"end":{"line":26,"column":7}},{"start":{},"end":{}}],"line":23},"3":{"loc":{"start":{"line":24,"column":21},"end":{"line":24,"column":61}},"type":"cond-expr","locations":[{"start":{"line":24,"column":45},"end":{"line":24,"column":51}},{"start":{"line":24,"column":54},"end":{"line":24,"column":61}}],"line":24},"4":{"loc":{"start":{"line":27,"column":6},"end":{"line":29,"column":7}},"type":"if","locations":[{"start":{"line":27,"column":6},"end":{"line":29,"column":7}},{"start":{},"end":{}}],"line":27},"5":{"loc":{"start":{"line":39,"column":6},"end":{"line":42,"column":7}},"type":"if","locations":[{"start":{"line":39,"column":6},"end":{"line":42,"column":7}},{"start":{},"end":{}}],"line":39},"6":{"loc":{"start":{"line":51,"column":10},"end":{"line":66,"column":10}},"type":"binary-expr","locations":[{"start":{"line":51,"column":10},"end":{"line":51,"column":31}},{"start":{"line":51,"column":35},"end":{"line":66,"column":10}}],"line":51},"7":{"loc":{"start":{"line":67,"column":10},"end":{"line":75,"column":10}},"type":"binary-expr","locations":[{"start":{"line":67,"column":10},"end":{"line":67,"column":28}},{"start":{"line":67,"column":32},"end":{"line":75,"column":10}}],"line":67}},"s":{"0":75,"1":75,"2":75,"3":75,"4":75,"5":75,"6":33,"7":33,"8":33,"9":22,"10":22,"11":1,"12":1,"13":22,"14":1,"15":22,"16":22,"17":33,"18":75,"19":4,"20":4,"21":4,"22":1,"23":1,"24":3,"25":75,"26":192,"27":526,"28":9},"f":{"0":75,"1":33,"2":33,"3":4,"4":4,"5":192,"6":526},"b":{"0":[46,29],"1":[20,13],"2":[1,21],"3":[1,0],"4":[1,21],"5":[1,3],"6":[75,32],"7":[75,45]},"_coverageSchema":"1a1c01bbd47fc00a2c39e90264f33305004495a9","hash":"042331f64a4683acd8d7bb47d59fb0870367230c"}
,"/home/ckauark/Documents/Trybe-projetos/front-end/sd-021-a-project-recipes-app/src/services/api.js": {"path":"/home/ckauark/Documents/Trybe-projetos/front-end/sd-021-a-project-recipes-app/src/services/api.js","statementMap":{"0":{"start":{"line":1,"column":15},"end":{"line":13,"column":1}},"1":{"start":{"line":2,"column":2},"end":{"line":2,"column":115}},"2":{"start":{"line":2,"column":38},"end":{"line":2,"column":115}},"3":{"start":{"line":3,"column":2},"end":{"line":12,"column":3}},"4":{"start":{"line":5,"column":4},"end":{"line":5,"column":78}},"5":{"start":{"line":7,"column":4},"end":{"line":7,"column":78}},"6":{"start":{"line":9,"column":4},"end":{"line":9,"column":78}},"7":{"start":{"line":11,"column":4},"end":{"line":11,"column":64}},"8":{"start":{"line":15,"column":21},"end":{"line":22,"column":1}},"9":{"start":{"line":16,"column":14},"end":{"line":16,"column":43}},"10":{"start":{"line":17,"column":16},"end":{"line":17,"column":18}},"11":{"start":{"line":18,"column":19},"end":{"line":20,"column":43}},"12":{"start":{"line":19,"column":21},"end":{"line":19,"column":32}},"13":{"start":{"line":20,"column":20},"end":{"line":20,"column":42}},"14":{"start":{"line":21,"column":2},"end":{"line":21,"column":50}},"15":{"start":{"line":24,"column":31},"end":{"line":37,"column":1}},"16":{"start":{"line":25,"column":14},"end":{"line":25,"column":74}},"17":{"start":{"line":26,"column":16},"end":{"line":26,"column":17}},"18":{"start":{"line":27,"column":2},"end":{"line":36,"column":26}},"19":{"start":{"line":28,"column":20},"end":{"line":28,"column":31}},"20":{"start":{"line":30,"column":15},"end":{"line":30,"column":36}},"21":{"start":{"line":32,"column":19},"end":{"line":32,"column":38}},"22":{"start":{"line":33,"column":19},"end":{"line":35,"column":6}}},"fnMap":{"0":{"name":"(anonymous_0)","decl":{"start":{"line":1,"column":15},"end":{"line":1,"column":16}},"loc":{"start":{"line":1,"column":54},"end":{"line":13,"column":1}},"line":1},"1":{"name":"(anonymous_1)","decl":{"start":{"line":15,"column":21},"end":{"line":15,"column":22}},"loc":{"start":{"line":15,"column":54},"end":{"line":22,"column":1}},"line":15},"2":{"name":"(anonymous_2)","decl":{"start":{"line":19,"column":10},"end":{"line":19,"column":11}},"loc":{"start":{"line":19,"column":21},"end":{"line":19,"column":32}},"line":19},"3":{"name":"(anonymous_3)","decl":{"start":{"line":20,"column":10},"end":{"line":20,"column":11}},"loc":{"start":{"line":20,"column":20},"end":{"line":20,"column":42}},"line":20},"4":{"name":"(anonymous_4)","decl":{"start":{"line":24,"column":31},"end":{"line":24,"column":32}},"loc":{"start":{"line":24,"column":47},"end":{"line":37,"column":1}},"line":24},"5":{"name":"(anonymous_5)","decl":{"start":{"line":28,"column":10},"end":{"line":28,"column":11}},"loc":{"start":{"line":28,"column":20},"end":{"line":28,"column":31}},"line":28},"6":{"name":"(anonymous_6)","decl":{"start":{"line":30,"column":6},"end":{"line":30,"column":7}},"loc":{"start":{"line":30,"column":15},"end":{"line":30,"column":36}},"line":30},"7":{"name":"(anonymous_7)","decl":{"start":{"line":32,"column":10},"end":{"line":32,"column":11}},"loc":{"start":{"line":32,"column":19},"end":{"line":32,"column":38}},"line":32},"8":{"name":"(anonymous_8)","decl":{"start":{"line":33,"column":10},"end":{"line":33,"column":11}},"loc":{"start":{"line":33,"column":19},"end":{"line":35,"column":6}},"line":33}},"branchMap":{"0":{"loc":{"start":{"line":2,"column":2},"end":{"line":2,"column":115}},"type":"if","locations":[{"start":{"line":2,"column":2},"end":{"line":2,"column":115}},{"start":{},"end":{}}],"line":2},"1":{"loc":{"start":{"line":2,"column":6},"end":{"line":2,"column":36}},"type":"binary-expr","locations":[{"start":{"line":2,"column":6},"end":{"line":2,"column":14}},{"start":{"line":2,"column":18},"end":{"line":2,"column":36}}],"line":2},"2":{"loc":{"start":{"line":3,"column":2},"end":{"line":12,"column":3}},"type":"switch","locations":[{"start":{"line":4,"column":2},"end":{"line":5,"column":78}},{"start":{"line":6,"column":2},"end":{"line":7,"column":78}},{"start":{"line":8,"column":2},"end":{"line":9,"column":78}},{"start":{"line":10,"column":2},"end":{"line":11,"column":64}}],"line":3},"3":{"loc":{"start":{"line":21,"column":9},"end":{"line":21,"column":49}},"type":"cond-expr","locations":[{"start":{"line":21,"column":20},"end":{"line":21,"column":44}},{"start":{"line":21,"column":47},"end":{"line":21,"column":49}}],"line":21}},"s":{"0":9,"1":33,"2":2,"3":31,"4":29,"5":1,"6":1,"7":0,"8":9,"9":33,"10":33,"11":33,"12":22,"13":22,"14":22,"15":9,"16":22,"17":22,"18":22,"19":22,"20":22,"21":22,"22":22},"f":{"0":33,"1":33,"2":22,"3":22,"4":22,"5":22,"6":22,"7":22,"8":22},"b":{"0":[2,31],"1":[33,3],"2":[29,1,1,0],"3":[21,1]},"_coverageSchema":"1a1c01bbd47fc00a2c39e90264f33305004495a9","hash":"0a591ec4275726ed4401c42b553eeaf7d17dd8ee"}
,"/home/ckauark/Documents/Trybe-projetos/front-end/sd-021-a-project-recipes-app/src/services/getRecipeAPI.js": {"path":"/home/ckauark/Documents/Trybe-projetos/front-end/sd-021-a-project-recipes-app/src/services/getRecipeAPI.js","statementMap":{"0":{"start":{"line":1,"column":21},"end":{"line":5,"column":1}},"1":{"start":{"line":2,"column":19},"end":{"line":2,"column":95}},"2":{"start":{"line":3,"column":15},"end":{"line":3,"column":36}},"3":{"start":{"line":4,"column":2},"end":{"line":4,"column":55}}},"fnMap":{"0":{"name":"(anonymous_0)","decl":{"start":{"line":1,"column":21},"end":{"line":1,"column":22}},"loc":{"start":{"line":1,"column":41},"end":{"line":5,"column":1}},"line":1}},"branchMap":{"0":{"loc":{"start":{"line":4,"column":14},"end":{"line":4,"column":50}},"type":"cond-expr","locations":[{"start":{"line":4,"column":32},"end":{"line":4,"column":39}},{"start":{"line":4,"column":42},"end":{"line":4,"column":50}}],"line":4}},"s":{"0":9,"1":28,"2":24,"3":24},"f":{"0":28},"b":{"0":[15,9]},"_coverageSchema":"1a1c01bbd47fc00a2c39e90264f33305004495a9","hash":"0f94c25f66f6a07b109aa04695b9707a2fe295a5"}
,"/home/ckauark/Documents/Trybe-projetos/front-end/sd-021-a-project-recipes-app/src/services/getRecomendationsAPi.js": {"path":"/home/ckauark/Documents/Trybe-projetos/front-end/sd-021-a-project-recipes-app/src/services/getRecomendationsAPi.js","statementMap":{"0":{"start":{"line":1,"column":28},"end":{"line":9,"column":1}},"1":{"start":{"line":2,"column":19},"end":{"line":2,"column":90}},"2":{"start":{"line":3,"column":15},"end":{"line":3,"column":36}},"3":{"start":{"line":4,"column":14},"end":{"line":4,"column":16}},"4":{"start":{"line":5,"column":2},"end":{"line":7,"column":3}},"5":{"start":{"line":5,"column":15},"end":{"line":5,"column":16}},"6":{"start":{"line":6,"column":4},"end":{"line":6,"column":30}},"7":{"start":{"line":8,"column":2},"end":{"line":8,"column":13}}},"fnMap":{"0":{"name":"(anonymous_0)","decl":{"start":{"line":1,"column":28},"end":{"line":1,"column":29}},"loc":{"start":{"line":1,"column":52},"end":{"line":9,"column":1}},"line":1}},"branchMap":{},"s":{"0":9,"1":12,"2":10,"3":10,"4":10,"5":10,"6":60,"7":10},"f":{"0":12},"b":{},"_coverageSchema":"1a1c01bbd47fc00a2c39e90264f33305004495a9","hash":"8b39986cd01c41b8f96427a485840dcf65852c0e"}
}
