{"total": {"lines":{"total":264,"covered":262,"skipped":0,"pct":99.24},"statements":{"total":277,"covered":275,"skipped":0,"pct":99.27},"functions":{"total":85,"covered":83,"skipped":0,"pct":97.64},"branches":{"total":144,"covered":136,"skipped":0,"pct":94.44},"branchesTrue":{"total":0,"covered":0,"skipped":0,"pct":100}}
,"/home/ckauark/Documents/Trybe-projetos/front-end/sd-021-a-project-recipes-app/src/App.js": {"lines":{"total":1,"covered":1,"skipped":0,"pct":100},"functions":{"total":1,"covered":1,"skipped":0,"pct":100},"statements":{"total":1,"covered":1,"skipped":0,"pct":100},"branches":{"total":0,"covered":0,"skipped":0,"pct":100}}
,"/home/ckauark/Documents/Trybe-projetos/front-end/sd-021-a-project-recipes-app/src/components/FavoriteButton.js": {"lines":{"total":11,"covered":10,"skipped":0,"pct":90.9},"functions":{"total":5,"covered":4,"skipped":0,"pct":80},"statements":{"total":13,"covered":12,"skipped":0,"pct":92.3},"branches":{"total":16,"covered":15,"skipped":0,"pct":93.75}}
,"/home/ckauark/Documents/Trybe-projetos/front-end/sd-021-a-project-recipes-app/src/components/ShareButton.js": {"lines":{"total":8,"covered":8,"skipped":0,"pct":100},"functions":{"total":2,"covered":2,"skipped":0,"pct":100},"statements":{"total":8,"covered":8,"skipped":0,"pct":100},"branches":{"total":4,"covered":4,"skipped":0,"pct":100}}
,"/home/ckauark/Documents/Trybe-projetos/front-end/sd-021-a-project-recipes-app/src/components/BasicCard/BasicCard.js": {"lines":{"total":5,"covered":5,"skipped":0,"pct":100},"functions":{"total":1,"covered":1,"skipped":0,"pct":100},"statements":{"total":5,"covered":5,"skipped":0,"pct":100},"branches":{"total":2,"covered":2,"skipped":0,"pct":100}}
,"/home/ckauark/Documents/Trybe-projetos/front-end/sd-021-a-project-recipes-app/src/components/DetailedCard/DetailedCard.js": {"lines":{"total":5,"covered":5,"skipped":0,"pct":100},"functions":{"total":2,"covered":2,"skipped":0,"pct":100},"statements":{"total":5,"covered":5,"skipped":0,"pct":100},"branches":{"total":6,"covered":6,"skipped":0,"pct":100}}
,"/home/ckauark/Documents/Trybe-projetos/front-end/sd-021-a-project-recipes-app/src/components/Footer/Footer.js": {"lines":{"total":1,"covered":1,"skipped":0,"pct":100},"functions":{"total":1,"covered":1,"skipped":0,"pct":100},"statements":{"total":1,"covered":1,"skipped":0,"pct":100},"branches":{"total":0,"covered":0,"skipped":0,"pct":100}}
,"/home/ckauark/Documents/Trybe-projetos/front-end/sd-021-a-project-recipes-app/src/components/Header/Header.js": {"lines":{"total":8,"covered":8,"skipped":0,"pct":100},"functions":{"total":2,"covered":2,"skipped":0,"pct":100},"statements":{"total":8,"covered":8,"skipped":0,"pct":100},"branches":{"total":4,"covered":4,"skipped":0,"pct":100}}
,"/home/ckauark/Documents/Trybe-projetos/front-end/sd-021-a-project-recipes-app/src/components/RecipeInfo/RecipeInfo.js": {"lines":{"total":6,"covered":6,"skipped":0,"pct":100},"functions":{"total":4,"covered":3,"skipped":0,"pct":75},"statements":{"total":6,"covered":6,"skipped":0,"pct":100},"branches":{"total":4,"covered":4,"skipped":0,"pct":100}}
,"/home/ckauark/Documents/Trybe-projetos/front-end/sd-021-a-project-recipes-app/src/components/Search/SearchBar.js": {"lines":{"total":15,"covered":15,"skipped":0,"pct":100},"functions":{"total":3,"covered":3,"skipped":0,"pct":100},"statements":{"total":17,"covered":17,"skipped":0,"pct":100},"branches":{"total":8,"covered":8,"skipped":0,"pct":100}}
,"/home/ckauark/Documents/Trybe-projetos/front-end/sd-021-a-project-recipes-app/src/components/Search/SearchIcon.js": {"lines":{"total":3,"covered":3,"skipped":0,"pct":100},"functions":{"total":1,"covered":1,"skipped":0,"pct":100},"statements":{"total":3,"covered":3,"skipped":0,"pct":100},"branches":{"total":0,"covered":0,"skipped":0,"pct":100}}
,"/home/ckauark/Documents/Trybe-projetos/front-end/sd-021-a-project-recipes-app/src/components/Search/SearchOptions.js": {"lines":{"total":3,"covered":3,"skipped":0,"pct":100},"functions":{"total":1,"covered":1,"skipped":0,"pct":100},"statements":{"total":3,"covered":3,"skipped":0,"pct":100},"branches":{"total":0,"covered":0,"skipped":0,"pct":100}}
,"/home/ckauark/Documents/Trybe-projetos/front-end/sd-021-a-project-recipes-app/src/context/Context.js": {"lines":{"total":1,"covered":1,"skipped":0,"pct":100},"functions":{"total":0,"covered":0,"skipped":0,"pct":100},"statements":{"total":1,"covered":1,"skipped":0,"pct":100},"branches":{"total":0,"covered":0,"skipped":0,"pct":100}}
,"/home/ckauark/Documents/Trybe-projetos/front-end/sd-021-a-project-recipes-app/src/context/Provider.js": {"lines":{"total":7,"covered":7,"skipped":0,"pct":100},"functions":{"total":2,"covered":2,"skipped":0,"pct":100},"statements":{"total":7,"covered":7,"skipped":0,"pct":100},"branches":{"total":0,"covered":0,"skipped":0,"pct":100}}
,"/home/ckauark/Documents/Trybe-projetos/front-end/sd-021-a-project-recipes-app/src/helpers/getIngredientAndMeasureList.js": {"lines":{"total":8,"covered":8,"skipped":0,"pct":100},"functions":{"total":3,"covered":3,"skipped":0,"pct":100},"statements":{"total":9,"covered":9,"skipped":0,"pct":100},"branches":{"total":2,"covered":2,"skipped":0,"pct":100}}
,"/home/ckauark/Documents/Trybe-projetos/front-end/sd-021-a-project-recipes-app/src/pages/index.js": {"lines":{"total":0,"covered":0,"skipped":0,"pct":100},"functions":{"total":0,"covered":0,"skipped":0,"pct":100},"statements":{"total":0,"covered":0,"skipped":0,"pct":100},"branches":{"total":0,"covered":0,"skipped":0,"pct":100}}
,"/home/ckauark/Documents/Trybe-projetos/front-end/sd-021-a-project-recipes-app/src/pages/DoneRecipes/DoneRecipes.js": {"lines":{"total":11,"covered":11,"skipped":0,"pct":100},"functions":{"total":5,"covered":5,"skipped":0,"pct":100},"statements":{"total":11,"covered":11,"skipped":0,"pct":100},"branches":{"total":4,"covered":4,"skipped":0,"pct":100}}
,"/home/ckauark/Documents/Trybe-projetos/front-end/sd-021-a-project-recipes-app/src/pages/FavoriteRecipes/FavoriteRecipes.js": {"lines":{"total":10,"covered":10,"skipped":0,"pct":100},"functions":{"total":5,"covered":5,"skipped":0,"pct":100},"statements":{"total":11,"covered":11,"skipped":0,"pct":100},"branches":{"total":0,"covered":0,"skipped":0,"pct":100}}
,"/home/ckauark/Documents/Trybe-projetos/front-end/sd-021-a-project-recipes-app/src/pages/Login/Login.js": {"lines":{"total":25,"covered":25,"skipped":0,"pct":100},"functions":{"total":5,"covered":5,"skipped":0,"pct":100},"statements":{"total":25,"covered":25,"skipped":0,"pct":100},"branches":{"total":4,"covered":4,"skipped":0,"pct":100}}
,"/home/ckauark/Documents/Trybe-projetos/front-end/sd-021-a-project-recipes-app/src/pages/Profile/Profile.js": {"lines":{"total":7,"covered":7,"skipped":0,"pct":100},"functions":{"total":2,"covered":2,"skipped":0,"pct":100},"statements":{"total":7,"covered":7,"skipped":0,"pct":100},"branches":{"total":0,"covered":0,"skipped":0,"pct":100}}
,"/home/ckauark/Documents/Trybe-projetos/front-end/sd-021-a-project-recipes-app/src/pages/RecipeDetails/RecipeDetails.js": {"lines":{"total":32,"covered":32,"skipped":0,"pct":100},"functions":{"total":9,"covered":9,"skipped":0,"pct":100},"statements":{"total":34,"covered":34,"skipped":0,"pct":100},"branches":{"total":28,"covered":28,"skipped":0,"pct":100}}
,"/home/ckauark/Documents/Trybe-projetos/front-end/sd-021-a-project-recipes-app/src/pages/RecipeInProgress/RecipeInProgress.js": {"lines":{"total":35,"covered":35,"skipped":0,"pct":100},"functions":{"total":13,"covered":13,"skipped":0,"pct":100},"statements":{"total":38,"covered":38,"skipped":0,"pct":100},"branches":{"total":34,"covered":29,"skipped":0,"pct":85.29}}
,"/home/ckauark/Documents/Trybe-projetos/front-end/sd-021-a-project-recipes-app/src/pages/Recipes/Recipes.js": {"lines":{"total":29,"covered":29,"skipped":0,"pct":100},"functions":{"total":7,"covered":7,"skipped":0,"pct":100},"statements":{"total":29,"covered":29,"skipped":0,"pct":100},"branches":{"total":16,"covered":15,"skipped":0,"pct":93.75}}
,"/home/ckauark/Documents/Trybe-projetos/front-end/sd-021-a-project-recipes-app/src/services/api.js": {"lines":{"total":22,"covered":21,"skipped":0,"pct":95.45},"functions":{"total":9,"covered":9,"skipped":0,"pct":100},"statements":{"total":23,"covered":22,"skipped":0,"pct":95.65},"branches":{"total":10,"covered":9,"skipped":0,"pct":90}}
,"/home/ckauark/Documents/Trybe-projetos/front-end/sd-021-a-project-recipes-app/src/services/getRecipeAPI.js": {"lines":{"total":4,"covered":4,"skipped":0,"pct":100},"functions":{"total":1,"covered":1,"skipped":0,"pct":100},"statements":{"total":4,"covered":4,"skipped":0,"pct":100},"branches":{"total":2,"covered":2,"skipped":0,"pct":100}}
,"/home/ckauark/Documents/Trybe-projetos/front-end/sd-021-a-project-recipes-app/src/services/getRecomendationsAPi.js": {"lines":{"total":7,"covered":7,"skipped":0,"pct":100},"functions":{"total":1,"covered":1,"skipped":0,"pct":100},"statements":{"total":8,"covered":8,"skipped":0,"pct":100},"branches":{"total":0,"covered":0,"skipped":0,"pct":100}}
}
