TN:
SF:src/App.js
FN:18,App
FNF:1
FNH:1
FNDA:55,App
DA:19,55
LF:1
LH:1
BRF:0
BRH:0
end_of_record
TN:
SF:src/components/FavoriteButton.js
FN:8,FavoriteButton
FN:26,(anonymous_1)
FN:28,(anonymous_2)
FN:29,(anonymous_3)
FN:31,(anonymous_4)
FNF:5
FNH:4
FNDA:105,FavoriteButton
FNDA:60,(anonymous_1)
FNDA:2,(anonymous_2)
FNDA:2,(anonymous_3)
FNDA:0,(anonymous_4)
DA:12,105
DA:13,105
DA:14,105
DA:16,105
DA:26,105
DA:28,105
DA:29,2
DA:31,0
DA:35,105
DA:48,9
DA:57,9
LF:11
LH:10
BRDA:14,0,0,73
BRDA:14,0,1,32
BRDA:16,1,0,8
BRDA:16,1,1,97
BRDA:18,2,0,73
BRDA:18,2,1,24
BRDA:19,3,0,97
BRDA:19,3,1,20
BRDA:21,4,0,97
BRDA:21,4,1,77
BRDA:29,5,0,2
BRDA:29,5,1,0
BRDA:40,6,0,47
BRDA:40,6,1,58
BRDA:43,7,0,47
BRDA:43,7,1,58
BRF:16
BRH:15
end_of_record
TN:
SF:src/components/ShareButton.js
FN:7,ShareButton
FN:12,(anonymous_1)
FNF:2
FNH:2
FNDA:114,ShareButton
FNDA:2,(anonymous_1)
DA:8,114
DA:10,114
DA:12,114
DA:13,2
DA:14,2
DA:17,114
DA:32,9
DA:37,9
LF:8
LH:8
BRDA:13,0,0,2
BRDA:13,0,1,2
BRDA:27,1,0,114
BRDA:27,1,1,5
BRF:4
BRH:4
end_of_record
TN:
SF:src/components/BasicCard/BasicCard.js
FN:6,BasicCard
FNF:1
FNH:1
FNDA:562,BasicCard
DA:7,562
DA:8,562
DA:13,562
DA:15,562
DA:40,9
LF:5
LH:5
BRDA:8,0,0,364
BRDA:8,0,1,198
BRF:2
BRH:2
end_of_record
TN:
SF:src/components/DetailedCard/DetailedCard.js
FN:7,DetailedCard
FN:45,(anonymous_1)
FNF:2
FNH:2
FNDA:18,DetailedCard
FNDA:10,(anonymous_1)
DA:19,18
DA:20,18
DA:46,10
DA:53,9
DA:66,9
LF:5
LH:5
BRDA:32,0,0,10
BRDA:32,0,1,8
BRDA:38,1,0,10
BRDA:38,1,1,8
BRDA:45,2,0,18
BRDA:45,2,1,6
BRF:6
BRH:6
end_of_record
TN:
SF:src/components/Footer/Footer.js
FN:7,Footer
FNF:1
FNH:1
FNDA:88,Footer
DA:8,88
LF:1
LH:1
BRF:0
BRH:0
end_of_record
TN:
SF:src/components/Header/Header.js
FN:10,(anonymous_0)
FN:15,(anonymous_1)
FNF:2
FNH:2
FNDA:117,(anonymous_0)
FNDA:8,(anonymous_1)
DA:10,10
DA:11,117
DA:12,117
DA:13,117
DA:15,117
DA:16,8
DA:19,117
DA:44,10
LF:8
LH:8
BRDA:36,0,0,117
BRDA:36,0,1,83
BRDA:39,1,0,117
BRDA:39,1,1,27
BRF:4
BRH:4
end_of_record
TN:
SF:src/components/RecipeInfo/RecipeInfo.js
FN:4,RecipeInfo
FN:18,(anonymous_1)
FN:22,(anonymous_2)
FN:73,(anonymous_3)
FNF:4
FNH:3
FNDA:72,RecipeInfo
FNDA:96,(anonymous_1)
FNDA:740,(anonymous_2)
FNDA:0,(anonymous_3)
DA:6,72
DA:7,72
DA:19,96
DA:23,740
DA:58,9
DA:72,9
LF:6
LH:6
BRDA:17,0,0,12
BRDA:17,0,1,60
BRDA:41,1,0,62
BRDA:41,1,1,10
BRF:4
BRH:4
end_of_record
TN:
SF:src/components/Search/SearchBar.js
FN:5,(anonymous_0)
FN:11,(anonymous_1)
FN:18,(anonymous_2)
FNF:3
FNH:3
FNDA:72,(anonymous_0)
FNDA:45,(anonymous_1)
FNDA:5,(anonymous_2)
DA:5,10
DA:6,72
DA:8,72
DA:9,72
DA:11,72
DA:12,45
DA:14,45
DA:15,45
DA:18,72
DA:19,5
DA:21,5
DA:22,1
DA:24,4
DA:28,4
DA:32,72
LF:15
LH:15
BRDA:14,0,0,3
BRDA:14,0,1,42
BRDA:15,1,0,42
BRDA:15,1,1,3
BRDA:21,2,0,1
BRDA:21,2,1,4
BRDA:21,3,0,5
BRDA:21,3,1,4
BRF:8
BRH:8
end_of_record
TN:
SF:src/components/Search/SearchIcon.js
FN:6,(anonymous_0)
FNF:1
FNH:1
FNDA:83,(anonymous_0)
DA:6,10
DA:7,83
DA:23,10
LF:3
LH:3
BRF:0
BRH:0
end_of_record
TN:
SF:src/components/Search/SearchOptions.js
FN:4,(anonymous_0)
FNF:1
FNH:1
FNDA:72,(anonymous_0)
DA:4,10
DA:5,72
DA:45,10
LF:3
LH:3
BRF:0
BRH:0
end_of_record
TN:
SF:src/context/Context.js
FNF:0
FNH:0
DA:3,10
LF:1
LH:1
BRF:0
BRH:0
end_of_record
TN:
SF:src/context/Provider.js
FN:7,Provider
FN:13,(anonymous_1)
FNF:2
FNH:2
FNDA:59,Provider
FNDA:4,(anonymous_1)
DA:8,59
DA:13,59
DA:14,4
DA:17,59
DA:19,59
DA:26,59
DA:33,9
LF:7
LH:7
BRF:0
BRH:0
end_of_record
TN:
SF:src/helpers/getIngredientAndMeasureList.js
FN:9,(anonymous_0)
FN:11,(anonymous_1)
FN:12,(anonymous_2)
FNF:3
FNH:3
FNDA:23,(anonymous_0)
FNDA:1203,(anonymous_1)
FNDA:420,(anonymous_2)
DA:9,9
DA:10,23
DA:11,1203
DA:12,23
DA:13,420
DA:14,214
DA:17,206
DA:20,23
LF:8
LH:8
BRDA:13,0,0,214
BRDA:13,0,1,206
BRF:2
BRH:2
end_of_record
TN:
SF:src/pages/index.js
FNF:0
FNH:0
LF:0
LH:0
BRF:0
BRH:0
end_of_record
TN:
SF:src/pages/DoneRecipes/DoneRecipes.js
FN:6,DoneRecipes
FN:19,(anonymous_1)
FN:21,(anonymous_2)
FN:30,(anonymous_3)
FN:49,(anonymous_4)
FNF:5
FNH:5
FNDA:10,DoneRecipes
FNDA:12,(anonymous_1)
FNDA:3,(anonymous_2)
FNDA:30,(anonymous_3)
FNDA:10,(anonymous_4)
DA:8,10
DA:9,10
DA:10,10
DA:12,10
DA:18,10
DA:19,12
DA:21,10
DA:22,3
DA:25,10
DA:31,30
DA:50,10
LF:11
LH:11
BRDA:18,0,0,7
BRDA:18,0,1,3
BRDA:49,1,0,10
BRDA:49,1,1,7
BRF:4
BRH:4
end_of_record
TN:
SF:src/pages/FavoriteRecipes/FavoriteRecipes.js
FN:6,FavoriteRecipes
FN:17,(anonymous_1)
FN:21,(anonymous_2)
FN:28,(anonymous_3)
FN:47,(anonymous_4)
FNF:5
FNH:5
FNDA:8,FavoriteRecipes
FNDA:3,(anonymous_1)
FNDA:10,(anonymous_2)
FNDA:24,(anonymous_3)
FNDA:8,(anonymous_4)
DA:7,8
DA:8,8
DA:9,8
DA:11,8
DA:17,8
DA:18,3
DA:21,10
DA:23,8
DA:29,24
DA:48,8
LF:10
LH:10
BRF:0
BRH:0
end_of_record
TN:
SF:src/pages/Login/Login.js
FN:4,Login
FN:9,(anonymous_1)
FN:21,(anonymous_2)
FN:26,(anonymous_3)
FN:31,(anonymous_4)
FNF:5
FNH:5
FNDA:120,Login
FNDA:66,(anonymous_1)
FNDA:45,(anonymous_2)
FNDA:21,(anonymous_3)
FNDA:1,(anonymous_4)
DA:5,120
DA:6,120
DA:7,120
DA:9,120
DA:10,66
DA:11,66
DA:12,66
DA:13,66
DA:14,66
DA:15,3
DA:17,63
DA:21,120
DA:22,45
DA:23,45
DA:26,120
DA:27,21
DA:28,21
DA:31,120
DA:32,1
DA:33,1
DA:34,1
DA:35,1
DA:36,1
DA:39,120
DA:67,9
LF:25
LH:25
BRDA:14,0,0,3
BRDA:14,0,1,63
BRDA:14,1,0,66
BRDA:14,1,1,24
BRF:4
BRH:4
end_of_record
TN:
SF:src/pages/Profile/Profile.js
FN:9,Profile
FNF:1
FNH:1
FNDA:10,Profile
DA:11,10
DA:12,10
DA:18,10
LF:3
LH:3
BRF:0
BRH:0
end_of_record
TN:
SF:src/pages/RecipeDetails/RecipeDetails.js
FN:13,RecipeDetails
FN:19,(anonymous_1)
FN:20,(anonymous_2)
FN:53,(anonymous_3)
FN:54,(anonymous_4)
FN:63,(anonymous_5)
FN:65,(anonymous_6)
FN:85,(anonymous_7)
FN:107,(anonymous_8)
FNF:9
FNH:9
FNDA:24,RecipeDetails
FNDA:12,(anonymous_1)
FNDA:12,(anonymous_2)
FNDA:12,(anonymous_3)
FNDA:12,(anonymous_4)
FNDA:45,(anonymous_5)
FNDA:11,(anonymous_6)
FNDA:36,(anonymous_7)
FNDA:3,(anonymous_8)
DA:14,24
DA:15,24
DA:16,24
DA:17,24
DA:19,24
DA:20,12
DA:21,12
DA:23,12
DA:24,10
DA:26,10
DA:27,10
DA:35,10
DA:37,10
DA:50,12
DA:53,24
DA:54,12
DA:55,12
DA:56,12
DA:57,12
DA:58,10
DA:60,12
DA:63,24
DA:64,45
DA:65,45
DA:66,3
DA:67,3
DA:69,42
DA:70,34
DA:73,24
DA:86,36
DA:107,3
DA:117,9
LF:32
LH:32
BRDA:21,0,0,7
BRDA:21,0,1,5
BRDA:26,1,0,6
BRDA:26,1,1,4
BRDA:27,2,0,6
BRDA:27,2,1,4
BRDA:55,3,0,7
BRDA:55,3,1,5
BRDA:56,4,0,7
BRDA:56,4,1,5
BRDA:64,5,0,23
BRDA:64,5,1,22
BRDA:65,6,0,3
BRDA:65,6,1,42
BRDA:69,7,0,8
BRDA:69,7,1,34
BRDA:75,8,0,12
BRDA:75,8,1,12
BRDA:85,9,0,24
BRDA:85,9,1,6
BRDA:93,10,0,18
BRDA:93,10,1,18
BRDA:101,11,0,3
BRDA:101,11,1,21
BRDA:107,12,0,2
BRDA:107,12,1,1
BRDA:110,13,0,4
BRDA:110,13,1,17
BRF:28
BRH:28
end_of_record
TN:
SF:src/pages/RecipeInProgress/RecipeInProgress.js
FN:11,getRecipe
FN:32,(anonymous_1)
FN:35,(anonymous_2)
FN:44,(anonymous_3)
FN:60,RecipeInProgress
FN:71,(anonymous_5)
FN:76,(anonymous_6)
FN:78,(anonymous_7)
FN:81,(anonymous_8)
FN:88,(anonymous_9)
FN:91,(anonymous_10)
FN:101,(anonymous_11)
FN:103,(anonymous_12)
FNF:13
FNH:13
FNDA:16,getRecipe
FNDA:11,(anonymous_1)
FNDA:103,(anonymous_2)
FNDA:2,(anonymous_3)
FNDA:141,RecipeInProgress
FNDA:16,(anonymous_5)
FNDA:73,(anonymous_6)
FNDA:338,(anonymous_7)
FNDA:42,(anonymous_8)
FNDA:42,(anonymous_9)
FNDA:516,(anonymous_10)
FNDA:2,(anonymous_11)
FNDA:2,(anonymous_12)
DA:12,16
DA:13,16
DA:14,16
DA:15,13
DA:16,13
DA:17,13
DA:18,13
DA:31,13
DA:32,11
DA:35,103
DA:44,9
DA:45,2
DA:46,2
DA:61,141
DA:62,141
DA:63,141
DA:68,141
DA:69,141
DA:71,141
DA:72,16
DA:73,16
DA:76,141
DA:77,73
DA:78,338
DA:81,141
DA:82,42
DA:83,42
DA:88,42
DA:91,516
DA:101,141
DA:102,2
DA:103,2
DA:110,2
DA:113,141
DA:146,9
LF:35
LH:35
BRDA:13,0,0,10
BRDA:13,0,1,6
BRDA:16,1,0,9
BRDA:16,1,1,4
BRDA:17,2,0,9
BRDA:17,2,1,4
BRDA:31,3,0,11
BRDA:31,3,1,2
BRDA:45,4,0,2
BRDA:45,4,1,0
BRDA:48,5,0,2
BRDA:48,5,1,0
BRDA:49,6,0,2
BRDA:49,6,1,0
BRDA:51,7,0,2
BRDA:51,7,1,2
BRDA:55,8,0,2
BRDA:55,8,1,0
BRDA:63,9,0,115
BRDA:63,9,1,26
BRDA:73,10,0,10
BRDA:73,10,1,6
BRDA:77,11,0,73
BRDA:77,11,1,51
BRDA:86,12,0,42
BRDA:86,12,1,0
BRDA:91,13,0,474
BRDA:91,13,1,42
BRDA:113,14,0,14
BRDA:113,14,1,127
BRDA:118,15,0,104
BRDA:118,15,1,23
BRDA:120,16,0,31
BRDA:120,16,1,96
BRF:34
BRH:29
end_of_record
TN:
SF:src/pages/Recipes/Recipes.js
FN:9,Recipes
FN:18,(anonymous_1)
FN:19,(anonymous_2)
FN:36,(anonymous_3)
FN:38,(anonymous_4)
FN:51,(anonymous_5)
FN:67,(anonymous_6)
FNF:7
FNH:7
FNDA:75,Recipes
FNDA:33,(anonymous_1)
FNDA:33,(anonymous_2)
FNDA:4,(anonymous_3)
FNDA:4,(anonymous_4)
FNDA:192,(anonymous_5)
FNDA:526,(anonymous_6)
DA:10,75
DA:11,75
DA:12,75
DA:14,75
DA:16,75
DA:18,75
DA:19,33
DA:20,33
DA:21,33
DA:22,22
DA:23,22
DA:24,1
DA:25,1
DA:27,22
DA:28,1
DA:30,22
DA:31,22
DA:33,33
DA:36,75
DA:37,4
DA:38,4
DA:39,4
DA:40,1
DA:41,1
DA:43,3
DA:47,75
DA:52,192
DA:68,526
DA:82,9
LF:29
LH:29
BRDA:16,0,0,46
BRDA:16,0,1,29
BRDA:20,1,0,20
BRDA:20,1,1,13
BRDA:23,2,0,1
BRDA:23,2,1,21
BRDA:24,3,0,1
BRDA:24,3,1,0
BRDA:27,4,0,1
BRDA:27,4,1,21
BRDA:39,5,0,1
BRDA:39,5,1,3
BRDA:51,6,0,75
BRDA:51,6,1,32
BRDA:67,7,0,75
BRDA:67,7,1,45
BRF:16
BRH:15
end_of_record
TN:
SF:src/services/api.js
FN:1,(anonymous_0)
FN:15,(anonymous_1)
FN:19,(anonymous_2)
FN:20,(anonymous_3)
FN:24,(anonymous_4)
FN:28,(anonymous_5)
FN:30,(anonymous_6)
FN:32,(anonymous_7)
FN:33,(anonymous_8)
FNF:9
FNH:9
FNDA:33,(anonymous_0)
FNDA:33,(anonymous_1)
FNDA:22,(anonymous_2)
FNDA:22,(anonymous_3)
FNDA:22,(anonymous_4)
FNDA:22,(anonymous_5)
FNDA:22,(anonymous_6)
FNDA:22,(anonymous_7)
FNDA:22,(anonymous_8)
DA:1,9
DA:2,33
DA:3,31
DA:5,29
DA:7,1
DA:9,1
DA:11,0
DA:15,9
DA:16,33
DA:17,33
DA:18,33
DA:19,22
DA:20,22
DA:21,22
DA:24,9
DA:25,22
DA:26,22
DA:27,22
DA:28,22
DA:30,22
DA:32,22
DA:33,22
LF:22
LH:21
BRDA:2,0,0,2
BRDA:2,0,1,31
BRDA:2,1,0,33
BRDA:2,1,1,3
BRDA:3,2,0,29
BRDA:3,2,1,1
BRDA:3,2,2,1
BRDA:3,2,3,0
BRDA:21,3,0,21
BRDA:21,3,1,1
BRF:10
BRH:9
end_of_record
TN:
SF:src/services/getRecipeAPI.js
FN:1,(anonymous_0)
FNF:1
FNH:1
FNDA:28,(anonymous_0)
DA:1,9
DA:2,28
DA:3,24
DA:4,24
LF:4
LH:4
BRDA:4,0,0,15
BRDA:4,0,1,9
BRF:2
BRH:2
end_of_record
TN:
SF:src/services/getRecomendationsAPi.js
FN:1,(anonymous_0)
FNF:1
FNH:1
FNDA:12,(anonymous_0)
DA:1,9
DA:2,12
DA:3,10
DA:4,10
DA:5,10
DA:6,60
DA:8,10
LF:7
LH:7
BRF:0
BRH:0
end_of_record
